<?xml version="1.0" encoding="UTF-8"?>
<robot generator="Robot 7.0.1 (Python 3.8.19 on linux)" generated="2024-07-05T01:31:36.938727" rpa="false" schemaversion="5">
<suite id="s1" name="RBF multiple" source="/home/waqar/FAST/RBF_Multi/RBF_multiple.robot">
<test id="s1-t1" name="Upload Files" line="17">
<kw name="Get Time In Milliseconds" owner="keywords">
<kw name="Evaluate" owner="BuiltIn">
<msg time="2024-07-05T01:31:37.157782" level="INFO">${time_in_ms} = 1720125097157.702</msg>
<var>${time_in_ms}</var>
<arg>time.time() * 1000</arg>
<arg>modules=time</arg>
<doc>Evaluates the given expression in Python and returns the result.</doc>
<status status="PASS" start="2024-07-05T01:31:37.157464" elapsed="0.000364"/>
</kw>
<return>
<value>${time_in_ms}</value>
<status status="PASS" start="2024-07-05T01:31:37.157935" elapsed="0.000071"/>
</return>
<msg time="2024-07-05T01:31:37.158159" level="INFO">${start_time} = 1720125097157.702</msg>
<var>${start_time}</var>
<status status="PASS" start="2024-07-05T01:31:37.156320" elapsed="0.001865"/>
</kw>
<kw name="Open Browser" owner="SeleniumLibrary">
<msg time="2024-07-05T01:31:37.158606" level="INFO">Opening browser 'chrome' to base url 'http://127.0.0.1:5000/auth/login'.</msg>
<arg>${LOGIN_URL}</arg>
<arg>chrome</arg>
<doc>Opens a new browser instance to the optional ``url``.</doc>
<status status="PASS" start="2024-07-05T01:31:37.158374" elapsed="0.969562"/>
</kw>
<kw name="Maximize Browser Window" owner="SeleniumLibrary">
<doc>Maximizes current browser window.</doc>
<status status="PASS" start="2024-07-05T01:31:38.129036" elapsed="0.056419"/>
</kw>
<kw name="Input Text" owner="SeleniumLibrary">
<msg time="2024-07-05T01:31:38.188944" level="INFO">Typing text 'admin@helloflask.com' into text field 'id=email'.</msg>
<arg>id=email</arg>
<arg>${EMAIL}</arg>
<doc>Types the given ``text`` into the text field identified by ``locator``.</doc>
<status status="PASS" start="2024-07-05T01:31:38.186919" elapsed="0.125914"/>
</kw>
<kw name="Input Text" owner="SeleniumLibrary">
<msg time="2024-07-05T01:31:38.313651" level="INFO">Typing text 'helloflask' into text field 'id=password'.</msg>
<arg>id=password</arg>
<arg>${PASSWORD}</arg>
<doc>Types the given ``text`` into the text field identified by ``locator``.</doc>
<status status="PASS" start="2024-07-05T01:31:38.313264" elapsed="0.075494"/>
</kw>
<kw name="Click Element" owner="SeleniumLibrary">
<msg time="2024-07-05T01:31:38.390276" level="INFO">Clicking element 'id=submit'.</msg>
<arg>id=submit</arg>
<doc>Click the element identified by ``locator``.</doc>
<status status="PASS" start="2024-07-05T01:31:38.389373" elapsed="0.332153"/>
</kw>
<kw name="Wait Until Element Is Not Visible" owner="SeleniumLibrary">
<arg>id=email</arg>
<doc>Waits until the element ``locator`` is not visible.</doc>
<status status="PASS" start="2024-07-05T01:31:38.722012" elapsed="0.008578"/>
</kw>
<kw name="Split String" owner="String">
<msg time="2024-07-05T01:31:38.731533" level="INFO">${file_paths} = ['/home/waqar/FAST/papers/Image_1.jpg', '/home/waqar/FAST/papers/Image_2.jpg', '/home/waqar/FAST/papers/Image_3.jpg', '/home/waqar/FAST/papers/Image_4.jpg', '/home/waqar/FAST/papers/Image_5.jpg', '/ho...</msg>
<var>${file_paths}</var>
<arg>${FILE_PATHS}</arg>
<arg>:</arg>
<doc>Splits the ``string`` using ``separator`` as a delimiter string.</doc>
<status status="PASS" start="2024-07-05T01:31:38.731078" elapsed="0.000502"/>
</kw>
<for flavor="IN">
<iter>
<kw name="Go To" owner="SeleniumLibrary">
<msg time="2024-07-05T01:31:38.732518" level="INFO">Opening url 'http://127.0.0.1:5000/upload'</msg>
<arg>${UPLOAD_URL}</arg>
<doc>Navigates the current browser window to the provided ``url``.</doc>
<status status="PASS" start="2024-07-05T01:31:38.732296" elapsed="0.067366"/>
</kw>
<kw name="Wait Until Element Is Visible" owner="SeleniumLibrary">
<arg>id=myDropzone</arg>
<arg>timeout=10s</arg>
<doc>Waits until the element ``locator`` is visible.</doc>
<status status="PASS" start="2024-07-05T01:31:38.799972" elapsed="0.020601"/>
</kw>
<kw name="Click Element" owner="SeleniumLibrary">
<msg time="2024-07-05T01:31:38.821718" level="INFO">Clicking element 'id=myDropzone'.</msg>
<arg>id=myDropzone</arg>
<doc>Click the element identified by ``locator``.</doc>
<status status="PASS" start="2024-07-05T01:31:38.820924" elapsed="0.028616"/>
</kw>
<kw name="Sleep" owner="BuiltIn">
<msg time="2024-07-05T01:31:39.850300" level="INFO">Slept 1 second.</msg>
<arg>1</arg>
<doc>Pauses the test executed for the given time.</doc>
<status status="PASS" start="2024-07-05T01:31:38.849846" elapsed="1.000713"/>
</kw>
<kw name="Typewrite" owner="pyautogui">
<arg>${file_path}</arg>
<doc>Performs a keyboard key press down, followed by a release, for each of
the characters in message.</doc>
<status status="PASS" start="2024-07-05T01:31:39.851042" elapsed="0.153269"/>
</kw>
<kw name="Press" owner="pyautogui">
<arg>enter</arg>
<doc>Performs a keyboard key press down, followed by a release.</doc>
<status status="PASS" start="2024-07-05T01:31:40.004885" elapsed="0.102201"/>
</kw>
<kw name="Sleep" owner="BuiltIn">
<msg time="2024-07-05T01:31:41.108416" level="INFO">Slept 1 second.</msg>
<arg>1</arg>
<doc>Pauses the test executed for the given time.</doc>
<status status="PASS" start="2024-07-05T01:31:40.107638" elapsed="1.001037"/>
</kw>
<kw name="Click Link" owner="SeleniumLibrary">
<msg time="2024-07-05T01:31:41.109625" level="INFO">Clicking link 'Done'.</msg>
<arg>Done</arg>
<doc>Clicks a link identified by ``locator``.</doc>
<status status="PASS" start="2024-07-05T01:31:41.109159" elapsed="0.196654"/>
</kw>
<kw name="Sleep" owner="BuiltIn">
<msg time="2024-07-05T01:31:42.307378" level="INFO">Slept 1 second.</msg>
<arg>1</arg>
<doc>Pauses the test executed for the given time.</doc>
<status status="PASS" start="2024-07-05T01:31:41.306584" elapsed="1.001063"/>
</kw>
<var name="${file_path}">/home/waqar/FAST/papers/Image_1.jpg</var>
<status status="PASS" start="2024-07-05T01:31:38.732138" elapsed="3.575691"/>
</iter>
<iter>
<kw name="Go To" owner="SeleniumLibrary">
<msg time="2024-07-05T01:31:42.309024" level="INFO">Opening url 'http://127.0.0.1:5000/upload'</msg>
<arg>${UPLOAD_URL}</arg>
<doc>Navigates the current browser window to the provided ``url``.</doc>
<status status="PASS" start="2024-07-05T01:31:42.308601" elapsed="0.071547"/>
</kw>
<kw name="Wait Until Element Is Visible" owner="SeleniumLibrary">
<arg>id=myDropzone</arg>
<arg>timeout=10s</arg>
<doc>Waits until the element ``locator`` is visible.</doc>
<status status="PASS" start="2024-07-05T01:31:42.380414" elapsed="0.016221"/>
</kw>
<kw name="Click Element" owner="SeleniumLibrary">
<msg time="2024-07-05T01:31:42.397161" level="INFO">Clicking element 'id=myDropzone'.</msg>
<arg>id=myDropzone</arg>
<doc>Click the element identified by ``locator``.</doc>
<status status="PASS" start="2024-07-05T01:31:42.396904" elapsed="0.027667"/>
</kw>
<kw name="Sleep" owner="BuiltIn">
<msg time="2024-07-05T01:31:43.425301" level="INFO">Slept 1 second.</msg>
<arg>1</arg>
<doc>Pauses the test executed for the given time.</doc>
<status status="PASS" start="2024-07-05T01:31:42.424809" elapsed="1.000759"/>
</kw>
<kw name="Typewrite" owner="pyautogui">
<arg>${file_path}</arg>
<doc>Performs a keyboard key press down, followed by a release, for each of
the characters in message.</doc>
<status status="PASS" start="2024-07-05T01:31:43.426044" elapsed="0.119797"/>
</kw>
<kw name="Press" owner="pyautogui">
<arg>enter</arg>
<doc>Performs a keyboard key press down, followed by a release.</doc>
<status status="PASS" start="2024-07-05T01:31:43.546473" elapsed="0.102513"/>
</kw>
<kw name="Sleep" owner="BuiltIn">
<msg time="2024-07-05T01:31:44.650259" level="INFO">Slept 1 second.</msg>
<arg>1</arg>
<doc>Pauses the test executed for the given time.</doc>
<status status="PASS" start="2024-07-05T01:31:43.649554" elapsed="1.001056"/>
</kw>
<kw name="Click Link" owner="SeleniumLibrary">
<msg time="2024-07-05T01:31:44.651654" level="INFO">Clicking link 'Done'.</msg>
<arg>Done</arg>
<doc>Clicks a link identified by ``locator``.</doc>
<status status="PASS" start="2024-07-05T01:31:44.651165" elapsed="0.136633"/>
</kw>
<kw name="Sleep" owner="BuiltIn">
<msg time="2024-07-05T01:31:45.788927" level="INFO">Slept 1 second.</msg>
<arg>1</arg>
<doc>Pauses the test executed for the given time.</doc>
<status status="PASS" start="2024-07-05T01:31:44.788281" elapsed="1.000930"/>
</kw>
<var name="${file_path}">/home/waqar/FAST/papers/Image_2.jpg</var>
<status status="PASS" start="2024-07-05T01:31:42.308286" elapsed="3.481118"/>
</iter>
<iter>
<kw name="Go To" owner="SeleniumLibrary">
<msg time="2024-07-05T01:31:45.790695" level="INFO">Opening url 'http://127.0.0.1:5000/upload'</msg>
<arg>${UPLOAD_URL}</arg>
<doc>Navigates the current browser window to the provided ``url``.</doc>
<status status="PASS" start="2024-07-05T01:31:45.790248" elapsed="0.083123"/>
</kw>
<kw name="Wait Until Element Is Visible" owner="SeleniumLibrary">
<arg>id=myDropzone</arg>
<arg>timeout=10s</arg>
<doc>Waits until the element ``locator`` is visible.</doc>
<status status="PASS" start="2024-07-05T01:31:45.874049" elapsed="0.016580"/>
</kw>
<kw name="Click Element" owner="SeleniumLibrary">
<msg time="2024-07-05T01:31:45.891179" level="INFO">Clicking element 'id=myDropzone'.</msg>
<arg>id=myDropzone</arg>
<doc>Click the element identified by ``locator``.</doc>
<status status="PASS" start="2024-07-05T01:31:45.890892" elapsed="0.026717"/>
</kw>
<kw name="Sleep" owner="BuiltIn">
<msg time="2024-07-05T01:31:46.918338" level="INFO">Slept 1 second.</msg>
<arg>1</arg>
<doc>Pauses the test executed for the given time.</doc>
<status status="PASS" start="2024-07-05T01:31:45.917873" elapsed="1.000729"/>
</kw>
<kw name="Typewrite" owner="pyautogui">
<arg>${file_path}</arg>
<doc>Performs a keyboard key press down, followed by a release, for each of
the characters in message.</doc>
<status status="PASS" start="2024-07-05T01:31:46.919058" elapsed="0.122180"/>
</kw>
<kw name="Press" owner="pyautogui">
<arg>enter</arg>
<doc>Performs a keyboard key press down, followed by a release.</doc>
<status status="PASS" start="2024-07-05T01:31:47.041794" elapsed="0.102040"/>
</kw>
<kw name="Sleep" owner="BuiltIn">
<msg time="2024-07-05T01:31:48.145066" level="INFO">Slept 1 second.</msg>
<arg>1</arg>
<doc>Pauses the test executed for the given time.</doc>
<status status="PASS" start="2024-07-05T01:31:47.144400" elapsed="1.000974"/>
</kw>
<kw name="Click Link" owner="SeleniumLibrary">
<msg time="2024-07-05T01:31:48.146592" level="INFO">Clicking link 'Done'.</msg>
<arg>Done</arg>
<doc>Clicks a link identified by ``locator``.</doc>
<status status="PASS" start="2024-07-05T01:31:48.145934" elapsed="0.127989"/>
</kw>
<kw name="Sleep" owner="BuiltIn">
<msg time="2024-07-05T01:31:49.274657" level="INFO">Slept 1 second.</msg>
<arg>1</arg>
<doc>Pauses the test executed for the given time.</doc>
<status status="PASS" start="2024-07-05T01:31:48.274237" elapsed="1.000666"/>
</kw>
<var name="${file_path}">/home/waqar/FAST/papers/Image_3.jpg</var>
<status status="PASS" start="2024-07-05T01:31:45.789875" elapsed="3.485199"/>
</iter>
<iter>
<kw name="Go To" owner="SeleniumLibrary">
<msg time="2024-07-05T01:31:49.276265" level="INFO">Opening url 'http://127.0.0.1:5000/upload'</msg>
<arg>${UPLOAD_URL}</arg>
<doc>Navigates the current browser window to the provided ``url``.</doc>
<status status="PASS" start="2024-07-05T01:31:49.275827" elapsed="0.072854"/>
</kw>
<kw name="Wait Until Element Is Visible" owner="SeleniumLibrary">
<arg>id=myDropzone</arg>
<arg>timeout=10s</arg>
<doc>Waits until the element ``locator`` is visible.</doc>
<status status="PASS" start="2024-07-05T01:31:49.349070" elapsed="0.013630"/>
</kw>
<kw name="Click Element" owner="SeleniumLibrary">
<msg time="2024-07-05T01:31:49.364144" level="INFO">Clicking element 'id=myDropzone'.</msg>
<arg>id=myDropzone</arg>
<doc>Click the element identified by ``locator``.</doc>
<status status="PASS" start="2024-07-05T01:31:49.363349" elapsed="0.027742"/>
</kw>
<kw name="Sleep" owner="BuiltIn">
<msg time="2024-07-05T01:31:50.391941" level="INFO">Slept 1 second.</msg>
<arg>1</arg>
<doc>Pauses the test executed for the given time.</doc>
<status status="PASS" start="2024-07-05T01:31:49.391394" elapsed="1.000811"/>
</kw>
<kw name="Typewrite" owner="pyautogui">
<arg>${file_path}</arg>
<doc>Performs a keyboard key press down, followed by a release, for each of
the characters in message.</doc>
<status status="PASS" start="2024-07-05T01:31:50.392676" elapsed="0.115383"/>
</kw>
<kw name="Press" owner="pyautogui">
<arg>enter</arg>
<doc>Performs a keyboard key press down, followed by a release.</doc>
<status status="PASS" start="2024-07-05T01:31:50.508608" elapsed="0.101657"/>
</kw>
<kw name="Sleep" owner="BuiltIn">
<msg time="2024-07-05T01:31:51.611456" level="INFO">Slept 1 second.</msg>
<arg>1</arg>
<doc>Pauses the test executed for the given time.</doc>
<status status="PASS" start="2024-07-05T01:31:50.610787" elapsed="1.001043"/>
</kw>
<kw name="Click Link" owner="SeleniumLibrary">
<msg time="2024-07-05T01:31:51.613560" level="INFO">Clicking link 'Done'.</msg>
<arg>Done</arg>
<doc>Clicks a link identified by ``locator``.</doc>
<status status="PASS" start="2024-07-05T01:31:51.612654" elapsed="0.121991"/>
</kw>
<kw name="Sleep" owner="BuiltIn">
<msg time="2024-07-05T01:31:52.735412" level="INFO">Slept 1 second.</msg>
<arg>1</arg>
<doc>Pauses the test executed for the given time.</doc>
<status status="PASS" start="2024-07-05T01:31:51.735004" elapsed="1.000661"/>
</kw>
<var name="${file_path}">/home/waqar/FAST/papers/Image_4.jpg</var>
<status status="PASS" start="2024-07-05T01:31:49.275513" elapsed="3.460330"/>
</iter>
<iter>
<kw name="Go To" owner="SeleniumLibrary">
<msg time="2024-07-05T01:31:52.737244" level="INFO">Opening url 'http://127.0.0.1:5000/upload'</msg>
<arg>${UPLOAD_URL}</arg>
<doc>Navigates the current browser window to the provided ``url``.</doc>
<status status="PASS" start="2024-07-05T01:31:52.736692" elapsed="0.100421"/>
</kw>
<kw name="Wait Until Element Is Visible" owner="SeleniumLibrary">
<arg>id=myDropzone</arg>
<arg>timeout=10s</arg>
<doc>Waits until the element ``locator`` is visible.</doc>
<status status="PASS" start="2024-07-05T01:31:52.837880" elapsed="0.025584"/>
</kw>
<kw name="Click Element" owner="SeleniumLibrary">
<msg time="2024-07-05T01:31:52.864263" level="INFO">Clicking element 'id=myDropzone'.</msg>
<arg>id=myDropzone</arg>
<doc>Click the element identified by ``locator``.</doc>
<status status="PASS" start="2024-07-05T01:31:52.863814" elapsed="0.039687"/>
</kw>
<kw name="Sleep" owner="BuiltIn">
<msg time="2024-07-05T01:31:53.904222" level="INFO">Slept 1 second.</msg>
<arg>1</arg>
<doc>Pauses the test executed for the given time.</doc>
<status status="PASS" start="2024-07-05T01:31:52.903836" elapsed="1.000662"/>
</kw>
<kw name="Typewrite" owner="pyautogui">
<arg>${file_path}</arg>
<doc>Performs a keyboard key press down, followed by a release, for each of
the characters in message.</doc>
<status status="PASS" start="2024-07-05T01:31:53.904981" elapsed="0.115359"/>
</kw>
<kw name="Press" owner="pyautogui">
<arg>enter</arg>
<doc>Performs a keyboard key press down, followed by a release.</doc>
<status status="PASS" start="2024-07-05T01:31:54.020895" elapsed="0.101857"/>
</kw>
<kw name="Sleep" owner="BuiltIn">
<msg time="2024-07-05T01:31:55.124107" level="INFO">Slept 1 second.</msg>
<arg>1</arg>
<doc>Pauses the test executed for the given time.</doc>
<status status="PASS" start="2024-07-05T01:31:54.123335" elapsed="1.001048"/>
</kw>
<kw name="Click Link" owner="SeleniumLibrary">
<msg time="2024-07-05T01:31:55.125359" level="INFO">Clicking link 'Done'.</msg>
<arg>Done</arg>
<doc>Clicks a link identified by ``locator``.</doc>
<status status="PASS" start="2024-07-05T01:31:55.124881" elapsed="0.156758"/>
</kw>
<kw name="Sleep" owner="BuiltIn">
<msg time="2024-07-05T01:31:56.282735" level="INFO">Slept 1 second.</msg>
<arg>1</arg>
<doc>Pauses the test executed for the given time.</doc>
<status status="PASS" start="2024-07-05T01:31:55.282136" elapsed="1.000903"/>
</kw>
<var name="${file_path}">/home/waqar/FAST/papers/Image_5.jpg</var>
<status status="PASS" start="2024-07-05T01:31:52.736320" elapsed="3.546925"/>
</iter>
<iter>
<kw name="Go To" owner="SeleniumLibrary">
<msg time="2024-07-05T01:31:56.284664" level="INFO">Opening url 'http://127.0.0.1:5000/upload'</msg>
<arg>${UPLOAD_URL}</arg>
<doc>Navigates the current browser window to the provided ``url``.</doc>
<status status="PASS" start="2024-07-05T01:31:56.284132" elapsed="0.073052"/>
</kw>
<kw name="Wait Until Element Is Visible" owner="SeleniumLibrary">
<arg>id=myDropzone</arg>
<arg>timeout=10s</arg>
<doc>Waits until the element ``locator`` is visible.</doc>
<status status="PASS" start="2024-07-05T01:31:56.357637" elapsed="0.012162"/>
</kw>
<kw name="Click Element" owner="SeleniumLibrary">
<msg time="2024-07-05T01:31:56.370375" level="INFO">Clicking element 'id=myDropzone'.</msg>
<arg>id=myDropzone</arg>
<doc>Click the element identified by ``locator``.</doc>
<status status="PASS" start="2024-07-05T01:31:56.370086" elapsed="0.028418"/>
</kw>
<kw name="Sleep" owner="BuiltIn">
<msg time="2024-07-05T01:31:57.399328" level="INFO">Slept 1 second.</msg>
<arg>1</arg>
<doc>Pauses the test executed for the given time.</doc>
<status status="PASS" start="2024-07-05T01:31:56.398752" elapsed="1.000887"/>
</kw>
<kw name="Typewrite" owner="pyautogui">
<arg>${file_path}</arg>
<doc>Performs a keyboard key press down, followed by a release, for each of
the characters in message.</doc>
<status status="PASS" start="2024-07-05T01:31:57.400175" elapsed="0.117508"/>
</kw>
<kw name="Press" owner="pyautogui">
<arg>enter</arg>
<doc>Performs a keyboard key press down, followed by a release.</doc>
<status status="PASS" start="2024-07-05T01:31:57.518295" elapsed="0.102464"/>
</kw>
<kw name="Sleep" owner="BuiltIn">
<msg time="2024-07-05T01:31:58.622078" level="INFO">Slept 1 second.</msg>
<arg>1</arg>
<doc>Pauses the test executed for the given time.</doc>
<status status="PASS" start="2024-07-05T01:31:57.621338" elapsed="1.001057"/>
</kw>
<kw name="Click Link" owner="SeleniumLibrary">
<msg time="2024-07-05T01:31:58.623585" level="INFO">Clicking link 'Done'.</msg>
<arg>Done</arg>
<doc>Clicks a link identified by ``locator``.</doc>
<status status="PASS" start="2024-07-05T01:31:58.623030" elapsed="0.155538"/>
</kw>
<kw name="Sleep" owner="BuiltIn">
<msg time="2024-07-05T01:31:59.779455" level="INFO">Slept 1 second.</msg>
<arg>1</arg>
<doc>Pauses the test executed for the given time.</doc>
<status status="PASS" start="2024-07-05T01:31:58.778947" elapsed="1.000813"/>
</kw>
<var name="${file_path}">/home/waqar/FAST/papers/Image_6.jpg</var>
<status status="PASS" start="2024-07-05T01:31:56.283760" elapsed="3.496210"/>
</iter>
<iter>
<kw name="Go To" owner="SeleniumLibrary">
<msg time="2024-07-05T01:31:59.781328" level="INFO">Opening url 'http://127.0.0.1:5000/upload'</msg>
<arg>${UPLOAD_URL}</arg>
<doc>Navigates the current browser window to the provided ``url``.</doc>
<status status="PASS" start="2024-07-05T01:31:59.780847" elapsed="0.088740"/>
</kw>
<kw name="Wait Until Element Is Visible" owner="SeleniumLibrary">
<arg>id=myDropzone</arg>
<arg>timeout=10s</arg>
<doc>Waits until the element ``locator`` is visible.</doc>
<status status="PASS" start="2024-07-05T01:31:59.870459" elapsed="0.023469"/>
</kw>
<kw name="Click Element" owner="SeleniumLibrary">
<msg time="2024-07-05T01:31:59.894957" level="INFO">Clicking element 'id=myDropzone'.</msg>
<arg>id=myDropzone</arg>
<doc>Click the element identified by ``locator``.</doc>
<status status="PASS" start="2024-07-05T01:31:59.894475" elapsed="0.028160"/>
</kw>
<kw name="Sleep" owner="BuiltIn">
<msg time="2024-07-05T01:32:00.923455" level="INFO">Slept 1 second.</msg>
<arg>1</arg>
<doc>Pauses the test executed for the given time.</doc>
<status status="PASS" start="2024-07-05T01:31:59.922926" elapsed="1.000795"/>
</kw>
<kw name="Typewrite" owner="pyautogui">
<arg>${file_path}</arg>
<doc>Performs a keyboard key press down, followed by a release, for each of
the characters in message.</doc>
<status status="PASS" start="2024-07-05T01:32:00.924175" elapsed="0.117727"/>
</kw>
<kw name="Press" owner="pyautogui">
<arg>enter</arg>
<doc>Performs a keyboard key press down, followed by a release.</doc>
<status status="PASS" start="2024-07-05T01:32:01.042455" elapsed="0.102228"/>
</kw>
<kw name="Sleep" owner="BuiltIn">
<msg time="2024-07-05T01:32:02.145824" level="INFO">Slept 1 second.</msg>
<arg>1</arg>
<doc>Pauses the test executed for the given time.</doc>
<status status="PASS" start="2024-07-05T01:32:01.145239" elapsed="1.000887"/>
</kw>
<kw name="Click Link" owner="SeleniumLibrary">
<msg time="2024-07-05T01:32:02.147110" level="INFO">Clicking link 'Done'.</msg>
<arg>Done</arg>
<doc>Clicks a link identified by ``locator``.</doc>
<status status="PASS" start="2024-07-05T01:32:02.146624" elapsed="0.127296"/>
</kw>
<kw name="Sleep" owner="BuiltIn">
<msg time="2024-07-05T01:32:03.274962" level="INFO">Slept 1 second.</msg>
<arg>1</arg>
<doc>Pauses the test executed for the given time.</doc>
<status status="PASS" start="2024-07-05T01:32:02.274301" elapsed="1.000946"/>
</kw>
<var name="${file_path}">/home/waqar/FAST/papers/Image_7.jpg</var>
<status status="PASS" start="2024-07-05T01:31:59.780480" elapsed="3.494961"/>
</iter>
<iter>
<kw name="Go To" owner="SeleniumLibrary">
<msg time="2024-07-05T01:32:03.276688" level="INFO">Opening url 'http://127.0.0.1:5000/upload'</msg>
<arg>${UPLOAD_URL}</arg>
<doc>Navigates the current browser window to the provided ``url``.</doc>
<status status="PASS" start="2024-07-05T01:32:03.276251" elapsed="0.087433"/>
</kw>
<kw name="Wait Until Element Is Visible" owner="SeleniumLibrary">
<arg>id=myDropzone</arg>
<arg>timeout=10s</arg>
<doc>Waits until the element ``locator`` is visible.</doc>
<status status="PASS" start="2024-07-05T01:32:03.364479" elapsed="0.015287"/>
</kw>
<kw name="Click Element" owner="SeleniumLibrary">
<msg time="2024-07-05T01:32:03.380311" level="INFO">Clicking element 'id=myDropzone'.</msg>
<arg>id=myDropzone</arg>
<doc>Click the element identified by ``locator``.</doc>
<status status="PASS" start="2024-07-05T01:32:03.380037" elapsed="0.026911"/>
</kw>
<kw name="Sleep" owner="BuiltIn">
<msg time="2024-07-05T01:32:04.407675" level="INFO">Slept 1 second.</msg>
<arg>1</arg>
<doc>Pauses the test executed for the given time.</doc>
<status status="PASS" start="2024-07-05T01:32:03.407254" elapsed="1.000700"/>
</kw>
<kw name="Typewrite" owner="pyautogui">
<arg>${file_path}</arg>
<doc>Performs a keyboard key press down, followed by a release, for each of
the characters in message.</doc>
<status status="PASS" start="2024-07-05T01:32:04.408448" elapsed="0.117461"/>
</kw>
<kw name="Press" owner="pyautogui">
<arg>enter</arg>
<doc>Performs a keyboard key press down, followed by a release.</doc>
<status status="PASS" start="2024-07-05T01:32:04.526508" elapsed="0.101880"/>
</kw>
<kw name="Sleep" owner="BuiltIn">
<msg time="2024-07-05T01:32:05.629774" level="INFO">Slept 1 second.</msg>
<arg>1</arg>
<doc>Pauses the test executed for the given time.</doc>
<status status="PASS" start="2024-07-05T01:32:04.629009" elapsed="1.001100"/>
</kw>
<kw name="Click Link" owner="SeleniumLibrary">
<msg time="2024-07-05T01:32:05.631111" level="INFO">Clicking link 'Done'.</msg>
<arg>Done</arg>
<doc>Clicks a link identified by ``locator``.</doc>
<status status="PASS" start="2024-07-05T01:32:05.630622" elapsed="0.143708"/>
</kw>
<kw name="Sleep" owner="BuiltIn">
<msg time="2024-07-05T01:32:06.775199" level="INFO">Slept 1 second.</msg>
<arg>1</arg>
<doc>Pauses the test executed for the given time.</doc>
<status status="PASS" start="2024-07-05T01:32:05.774706" elapsed="1.000856"/>
</kw>
<var name="${file_path}">/home/waqar/FAST/papers/Image_8.jpg</var>
<status status="PASS" start="2024-07-05T01:32:03.275911" elapsed="3.499919"/>
</iter>
<iter>
<kw name="Go To" owner="SeleniumLibrary">
<msg time="2024-07-05T01:32:06.777500" level="INFO">Opening url 'http://127.0.0.1:5000/upload'</msg>
<arg>${UPLOAD_URL}</arg>
<doc>Navigates the current browser window to the provided ``url``.</doc>
<status status="PASS" start="2024-07-05T01:32:06.776950" elapsed="0.099825"/>
</kw>
<kw name="Wait Until Element Is Visible" owner="SeleniumLibrary">
<arg>id=myDropzone</arg>
<arg>timeout=10s</arg>
<doc>Waits until the element ``locator`` is visible.</doc>
<status status="PASS" start="2024-07-05T01:32:06.877139" elapsed="0.020434"/>
</kw>
<kw name="Click Element" owner="SeleniumLibrary">
<msg time="2024-07-05T01:32:06.898262" level="INFO">Clicking element 'id=myDropzone'.</msg>
<arg>id=myDropzone</arg>
<doc>Click the element identified by ``locator``.</doc>
<status status="PASS" start="2024-07-05T01:32:06.897948" elapsed="0.027860"/>
</kw>
<kw name="Sleep" owner="BuiltIn">
<msg time="2024-07-05T01:32:07.926527" level="INFO">Slept 1 second.</msg>
<arg>1</arg>
<doc>Pauses the test executed for the given time.</doc>
<status status="PASS" start="2024-07-05T01:32:06.926091" elapsed="1.000710"/>
</kw>
<kw name="Typewrite" owner="pyautogui">
<arg>${file_path}</arg>
<doc>Performs a keyboard key press down, followed by a release, for each of
the characters in message.</doc>
<status status="PASS" start="2024-07-05T01:32:07.927289" elapsed="0.123562"/>
</kw>
<kw name="Press" owner="pyautogui">
<arg>enter</arg>
<doc>Performs a keyboard key press down, followed by a release.</doc>
<status status="PASS" start="2024-07-05T01:32:08.051375" elapsed="0.102099"/>
</kw>
<kw name="Sleep" owner="BuiltIn">
<msg time="2024-07-05T01:32:09.154706" level="INFO">Slept 1 second.</msg>
<arg>1</arg>
<doc>Pauses the test executed for the given time.</doc>
<status status="PASS" start="2024-07-05T01:32:08.154075" elapsed="1.000907"/>
</kw>
<kw name="Click Link" owner="SeleniumLibrary">
<msg time="2024-07-05T01:32:09.155955" level="INFO">Clicking link 'Done'.</msg>
<arg>Done</arg>
<doc>Clicks a link identified by ``locator``.</doc>
<status status="PASS" start="2024-07-05T01:32:09.155478" elapsed="0.147763"/>
</kw>
<kw name="Sleep" owner="BuiltIn">
<msg time="2024-07-05T01:32:10.304080" level="INFO">Slept 1 second.</msg>
<arg>1</arg>
<doc>Pauses the test executed for the given time.</doc>
<status status="PASS" start="2024-07-05T01:32:09.303558" elapsed="1.000847"/>
</kw>
<var name="${file_path}">/home/waqar/FAST/papers/Image_9.jpg</var>
<status status="PASS" start="2024-07-05T01:32:06.776525" elapsed="3.528096"/>
</iter>
<iter>
<kw name="Go To" owner="SeleniumLibrary">
<msg time="2024-07-05T01:32:10.305980" level="INFO">Opening url 'http://127.0.0.1:5000/upload'</msg>
<arg>${UPLOAD_URL}</arg>
<doc>Navigates the current browser window to the provided ``url``.</doc>
<status status="PASS" start="2024-07-05T01:32:10.305501" elapsed="0.089981"/>
</kw>
<kw name="Wait Until Element Is Visible" owner="SeleniumLibrary">
<arg>id=myDropzone</arg>
<arg>timeout=10s</arg>
<doc>Waits until the element ``locator`` is visible.</doc>
<status status="PASS" start="2024-07-05T01:32:10.395784" elapsed="0.014280"/>
</kw>
<kw name="Click Element" owner="SeleniumLibrary">
<msg time="2024-07-05T01:32:10.410617" level="INFO">Clicking element 'id=myDropzone'.</msg>
<arg>id=myDropzone</arg>
<doc>Click the element identified by ``locator``.</doc>
<status status="PASS" start="2024-07-05T01:32:10.410346" elapsed="0.027805"/>
</kw>
<kw name="Sleep" owner="BuiltIn">
<msg time="2024-07-05T01:32:11.438851" level="INFO">Slept 1 second.</msg>
<arg>1</arg>
<doc>Pauses the test executed for the given time.</doc>
<status status="PASS" start="2024-07-05T01:32:10.438427" elapsed="1.000733"/>
</kw>
<kw name="Typewrite" owner="pyautogui">
<arg>${file_path}</arg>
<doc>Performs a keyboard key press down, followed by a release, for each of
the characters in message.</doc>
<status status="PASS" start="2024-07-05T01:32:11.439695" elapsed="0.123147"/>
</kw>
<kw name="Press" owner="pyautogui">
<arg>enter</arg>
<doc>Performs a keyboard key press down, followed by a release.</doc>
<status status="PASS" start="2024-07-05T01:32:11.563367" elapsed="0.102422"/>
</kw>
<kw name="Sleep" owner="BuiltIn">
<msg time="2024-07-05T01:32:12.667116" level="INFO">Slept 1 second.</msg>
<arg>1</arg>
<doc>Pauses the test executed for the given time.</doc>
<status status="PASS" start="2024-07-05T01:32:11.666385" elapsed="1.001017"/>
</kw>
<kw name="Click Link" owner="SeleniumLibrary">
<msg time="2024-07-05T01:32:12.668391" level="INFO">Clicking link 'Done'.</msg>
<arg>Done</arg>
<doc>Clicks a link identified by ``locator``.</doc>
<status status="PASS" start="2024-07-05T01:32:12.667904" elapsed="0.138329"/>
</kw>
<kw name="Sleep" owner="BuiltIn">
<msg time="2024-07-05T01:32:13.807162" level="INFO">Slept 1 second.</msg>
<arg>1</arg>
<doc>Pauses the test executed for the given time.</doc>
<status status="PASS" start="2024-07-05T01:32:12.806572" elapsed="1.000882"/>
</kw>
<var name="${file_path}">/home/waqar/FAST/papers/Image_10.jpg</var>
<status status="PASS" start="2024-07-05T01:32:10.305135" elapsed="3.502510"/>
</iter>
<iter>
<kw name="Go To" owner="SeleniumLibrary">
<msg time="2024-07-05T01:32:13.809013" level="INFO">Opening url 'http://127.0.0.1:5000/upload'</msg>
<arg>${UPLOAD_URL}</arg>
<doc>Navigates the current browser window to the provided ``url``.</doc>
<status status="PASS" start="2024-07-05T01:32:13.808524" elapsed="0.094491"/>
</kw>
<kw name="Wait Until Element Is Visible" owner="SeleniumLibrary">
<arg>id=myDropzone</arg>
<arg>timeout=10s</arg>
<doc>Waits until the element ``locator`` is visible.</doc>
<status status="PASS" start="2024-07-05T01:32:13.903722" elapsed="0.019228"/>
</kw>
<kw name="Click Element" owner="SeleniumLibrary">
<msg time="2024-07-05T01:32:13.923537" level="INFO">Clicking element 'id=myDropzone'.</msg>
<arg>id=myDropzone</arg>
<doc>Click the element identified by ``locator``.</doc>
<status status="PASS" start="2024-07-05T01:32:13.923256" elapsed="0.025520"/>
</kw>
<kw name="Sleep" owner="BuiltIn">
<msg time="2024-07-05T01:32:14.949542" level="INFO">Slept 1 second.</msg>
<arg>1</arg>
<doc>Pauses the test executed for the given time.</doc>
<status status="PASS" start="2024-07-05T01:32:13.949123" elapsed="1.000693"/>
</kw>
<kw name="Typewrite" owner="pyautogui">
<arg>${file_path}</arg>
<doc>Performs a keyboard key press down, followed by a release, for each of
the characters in message.</doc>
<status status="PASS" start="2024-07-05T01:32:14.950338" elapsed="0.117653"/>
</kw>
<kw name="Press" owner="pyautogui">
<arg>enter</arg>
<doc>Performs a keyboard key press down, followed by a release.</doc>
<status status="PASS" start="2024-07-05T01:32:15.068502" elapsed="0.101721"/>
</kw>
<kw name="Sleep" owner="BuiltIn">
<msg time="2024-07-05T01:32:16.171470" level="INFO">Slept 1 second.</msg>
<arg>1</arg>
<doc>Pauses the test executed for the given time.</doc>
<status status="PASS" start="2024-07-05T01:32:15.170782" elapsed="1.000974"/>
</kw>
<kw name="Click Link" owner="SeleniumLibrary">
<msg time="2024-07-05T01:32:16.172731" level="INFO">Clicking link 'Done'.</msg>
<arg>Done</arg>
<doc>Clicks a link identified by ``locator``.</doc>
<status status="PASS" start="2024-07-05T01:32:16.172248" elapsed="0.129957"/>
</kw>
<kw name="Sleep" owner="BuiltIn">
<msg time="2024-07-05T01:32:17.303200" level="INFO">Slept 1 second.</msg>
<arg>1</arg>
<doc>Pauses the test executed for the given time.</doc>
<status status="PASS" start="2024-07-05T01:32:16.302664" elapsed="1.000815"/>
</kw>
<var name="${file_path}">/home/waqar/FAST/papers/Image_11.jpg</var>
<status status="PASS" start="2024-07-05T01:32:13.808117" elapsed="3.495551"/>
</iter>
<iter>
<kw name="Go To" owner="SeleniumLibrary">
<msg time="2024-07-05T01:32:17.304909" level="INFO">Opening url 'http://127.0.0.1:5000/upload'</msg>
<arg>${UPLOAD_URL}</arg>
<doc>Navigates the current browser window to the provided ``url``.</doc>
<status status="PASS" start="2024-07-05T01:32:17.304474" elapsed="0.078503"/>
</kw>
<kw name="Wait Until Element Is Visible" owner="SeleniumLibrary">
<arg>id=myDropzone</arg>
<arg>timeout=10s</arg>
<doc>Waits until the element ``locator`` is visible.</doc>
<status status="PASS" start="2024-07-05T01:32:17.383431" elapsed="0.013243"/>
</kw>
<kw name="Click Element" owner="SeleniumLibrary">
<msg time="2024-07-05T01:32:17.397338" level="INFO">Clicking element 'id=myDropzone'.</msg>
<arg>id=myDropzone</arg>
<doc>Click the element identified by ``locator``.</doc>
<status status="PASS" start="2024-07-05T01:32:17.396987" elapsed="0.027726"/>
</kw>
<kw name="Sleep" owner="BuiltIn">
<msg time="2024-07-05T01:32:18.425532" level="INFO">Slept 1 second.</msg>
<arg>1</arg>
<doc>Pauses the test executed for the given time.</doc>
<status status="PASS" start="2024-07-05T01:32:17.425029" elapsed="1.000972"/>
</kw>
<kw name="Typewrite" owner="pyautogui">
<arg>${file_path}</arg>
<doc>Performs a keyboard key press down, followed by a release, for each of
the characters in message.</doc>
<status status="PASS" start="2024-07-05T01:32:18.426642" elapsed="0.119553"/>
</kw>
<kw name="Press" owner="pyautogui">
<arg>enter</arg>
<doc>Performs a keyboard key press down, followed by a release.</doc>
<status status="PASS" start="2024-07-05T01:32:18.546766" elapsed="0.101993"/>
</kw>
<kw name="Sleep" owner="BuiltIn">
<msg time="2024-07-05T01:32:19.649901" level="INFO">Slept 1 second.</msg>
<arg>1</arg>
<doc>Pauses the test executed for the given time.</doc>
<status status="PASS" start="2024-07-05T01:32:18.649321" elapsed="1.000886"/>
</kw>
<kw name="Click Link" owner="SeleniumLibrary">
<msg time="2024-07-05T01:32:19.651258" level="INFO">Clicking link 'Done'.</msg>
<arg>Done</arg>
<doc>Clicks a link identified by ``locator``.</doc>
<status status="PASS" start="2024-07-05T01:32:19.650739" elapsed="0.121676"/>
</kw>
<kw name="Sleep" owner="BuiltIn">
<msg time="2024-07-05T01:32:20.773301" level="INFO">Slept 1 second.</msg>
<arg>1</arg>
<doc>Pauses the test executed for the given time.</doc>
<status status="PASS" start="2024-07-05T01:32:19.772815" elapsed="1.000760"/>
</kw>
<var name="${file_path}">/home/waqar/FAST/papers/Image_12.jpg</var>
<status status="PASS" start="2024-07-05T01:32:17.304137" elapsed="3.469631"/>
</iter>
<iter>
<kw name="Go To" owner="SeleniumLibrary">
<msg time="2024-07-05T01:32:20.775255" level="INFO">Opening url 'http://127.0.0.1:5000/upload'</msg>
<arg>${UPLOAD_URL}</arg>
<doc>Navigates the current browser window to the provided ``url``.</doc>
<status status="PASS" start="2024-07-05T01:32:20.774644" elapsed="0.091167"/>
</kw>
<kw name="Wait Until Element Is Visible" owner="SeleniumLibrary">
<arg>id=myDropzone</arg>
<arg>timeout=10s</arg>
<doc>Waits until the element ``locator`` is visible.</doc>
<status status="PASS" start="2024-07-05T01:32:20.866277" elapsed="0.014074"/>
</kw>
<kw name="Click Element" owner="SeleniumLibrary">
<msg time="2024-07-05T01:32:20.880999" level="INFO">Clicking element 'id=myDropzone'.</msg>
<arg>id=myDropzone</arg>
<doc>Click the element identified by ``locator``.</doc>
<status status="PASS" start="2024-07-05T01:32:20.880691" elapsed="0.023846"/>
</kw>
<kw name="Sleep" owner="BuiltIn">
<msg time="2024-07-05T01:32:21.905206" level="INFO">Slept 1 second.</msg>
<arg>1</arg>
<doc>Pauses the test executed for the given time.</doc>
<status status="PASS" start="2024-07-05T01:32:20.904822" elapsed="1.000666"/>
</kw>
<kw name="Typewrite" owner="pyautogui">
<arg>${file_path}</arg>
<doc>Performs a keyboard key press down, followed by a release, for each of
the characters in message.</doc>
<status status="PASS" start="2024-07-05T01:32:21.905993" elapsed="0.118991"/>
</kw>
<kw name="Press" owner="pyautogui">
<arg>enter</arg>
<doc>Performs a keyboard key press down, followed by a release.</doc>
<status status="PASS" start="2024-07-05T01:32:22.025514" elapsed="0.102405"/>
</kw>
<kw name="Sleep" owner="BuiltIn">
<msg time="2024-07-05T01:32:23.129197" level="INFO">Slept 1 second.</msg>
<arg>1</arg>
<doc>Pauses the test executed for the given time.</doc>
<status status="PASS" start="2024-07-05T01:32:22.128477" elapsed="1.001000"/>
</kw>
<kw name="Click Link" owner="SeleniumLibrary">
<msg time="2024-07-05T01:32:23.130488" level="INFO">Clicking link 'Done'.</msg>
<arg>Done</arg>
<doc>Clicks a link identified by ``locator``.</doc>
<status status="PASS" start="2024-07-05T01:32:23.129968" elapsed="0.133838"/>
</kw>
<kw name="Sleep" owner="BuiltIn">
<msg time="2024-07-05T01:32:24.264661" level="INFO">Slept 1 second.</msg>
<arg>1</arg>
<doc>Pauses the test executed for the given time.</doc>
<status status="PASS" start="2024-07-05T01:32:23.264192" elapsed="1.000778"/>
</kw>
<var name="${file_path}">/home/waqar/FAST/papers/Image_13.jpg</var>
<status status="PASS" start="2024-07-05T01:32:20.774272" elapsed="3.490962"/>
</iter>
<iter>
<kw name="Go To" owner="SeleniumLibrary">
<msg time="2024-07-05T01:32:24.266987" level="INFO">Opening url 'http://127.0.0.1:5000/upload'</msg>
<arg>${UPLOAD_URL}</arg>
<doc>Navigates the current browser window to the provided ``url``.</doc>
<status status="PASS" start="2024-07-05T01:32:24.266452" elapsed="0.082260"/>
</kw>
<kw name="Wait Until Element Is Visible" owner="SeleniumLibrary">
<arg>id=myDropzone</arg>
<arg>timeout=10s</arg>
<doc>Waits until the element ``locator`` is visible.</doc>
<status status="PASS" start="2024-07-05T01:32:24.349019" elapsed="0.014517"/>
</kw>
<kw name="Click Element" owner="SeleniumLibrary">
<msg time="2024-07-05T01:32:24.364103" level="INFO">Clicking element 'id=myDropzone'.</msg>
<arg>id=myDropzone</arg>
<doc>Click the element identified by ``locator``.</doc>
<status status="PASS" start="2024-07-05T01:32:24.363821" elapsed="0.026992"/>
</kw>
<kw name="Sleep" owner="BuiltIn">
<msg time="2024-07-05T01:32:25.392121" level="INFO">Slept 1 second.</msg>
<arg>1</arg>
<doc>Pauses the test executed for the given time.</doc>
<status status="PASS" start="2024-07-05T01:32:24.391431" elapsed="1.000991"/>
</kw>
<kw name="Typewrite" owner="pyautogui">
<arg>${file_path}</arg>
<doc>Performs a keyboard key press down, followed by a release, for each of
the characters in message.</doc>
<status status="PASS" start="2024-07-05T01:32:25.392922" elapsed="0.118591"/>
</kw>
<kw name="Press" owner="pyautogui">
<arg>enter</arg>
<doc>Performs a keyboard key press down, followed by a release.</doc>
<status status="PASS" start="2024-07-05T01:32:25.512078" elapsed="0.102306"/>
</kw>
<kw name="Sleep" owner="BuiltIn">
<msg time="2024-07-05T01:32:26.615671" level="INFO">Slept 1 second.</msg>
<arg>1</arg>
<doc>Pauses the test executed for the given time.</doc>
<status status="PASS" start="2024-07-05T01:32:25.614951" elapsed="1.001006"/>
</kw>
<kw name="Click Link" owner="SeleniumLibrary">
<msg time="2024-07-05T01:32:26.616935" level="INFO">Clicking link 'Done'.</msg>
<arg>Done</arg>
<doc>Clicks a link identified by ``locator``.</doc>
<status status="PASS" start="2024-07-05T01:32:26.616455" elapsed="0.135024"/>
</kw>
<kw name="Sleep" owner="BuiltIn">
<msg time="2024-07-05T01:32:27.752387" level="INFO">Slept 1 second.</msg>
<arg>1</arg>
<doc>Pauses the test executed for the given time.</doc>
<status status="PASS" start="2024-07-05T01:32:26.751807" elapsed="1.000889"/>
</kw>
<var name="${file_path}">/home/waqar/FAST/papers/Image_14.jpg</var>
<status status="PASS" start="2024-07-05T01:32:24.265921" elapsed="3.486987"/>
</iter>
<iter>
<kw name="Go To" owner="SeleniumLibrary">
<msg time="2024-07-05T01:32:27.754303" level="INFO">Opening url 'http://127.0.0.1:5000/upload'</msg>
<arg>${UPLOAD_URL}</arg>
<doc>Navigates the current browser window to the provided ``url``.</doc>
<status status="PASS" start="2024-07-05T01:32:27.753790" elapsed="0.078819"/>
</kw>
<kw name="Wait Until Element Is Visible" owner="SeleniumLibrary">
<arg>id=myDropzone</arg>
<arg>timeout=10s</arg>
<doc>Waits until the element ``locator`` is visible.</doc>
<status status="PASS" start="2024-07-05T01:32:27.832882" elapsed="0.013370"/>
</kw>
<kw name="Click Element" owner="SeleniumLibrary">
<msg time="2024-07-05T01:32:27.846910" level="INFO">Clicking element 'id=myDropzone'.</msg>
<arg>id=myDropzone</arg>
<doc>Click the element identified by ``locator``.</doc>
<status status="PASS" start="2024-07-05T01:32:27.846587" elapsed="0.030202"/>
</kw>
<kw name="Sleep" owner="BuiltIn">
<msg time="2024-07-05T01:32:28.877500" level="INFO">Slept 1 second.</msg>
<arg>1</arg>
<doc>Pauses the test executed for the given time.</doc>
<status status="PASS" start="2024-07-05T01:32:27.877034" elapsed="1.000727"/>
</kw>
<kw name="Typewrite" owner="pyautogui">
<arg>${file_path}</arg>
<doc>Performs a keyboard key press down, followed by a release, for each of
the characters in message.</doc>
<status status="PASS" start="2024-07-05T01:32:28.878246" elapsed="0.115163"/>
</kw>
<kw name="Press" owner="pyautogui">
<arg>enter</arg>
<doc>Performs a keyboard key press down, followed by a release.</doc>
<status status="PASS" start="2024-07-05T01:32:28.994155" elapsed="0.102339"/>
</kw>
<kw name="Sleep" owner="BuiltIn">
<msg time="2024-07-05T01:32:30.097549" level="INFO">Slept 1 second.</msg>
<arg>1</arg>
<doc>Pauses the test executed for the given time.</doc>
<status status="PASS" start="2024-07-05T01:32:29.097012" elapsed="1.000807"/>
</kw>
<kw name="Click Link" owner="SeleniumLibrary">
<msg time="2024-07-05T01:32:30.098836" level="INFO">Clicking link 'Done'.</msg>
<arg>Done</arg>
<doc>Clicks a link identified by ``locator``.</doc>
<status status="PASS" start="2024-07-05T01:32:30.098344" elapsed="0.121483"/>
</kw>
<kw name="Sleep" owner="BuiltIn">
<msg time="2024-07-05T01:32:31.220543" level="INFO">Slept 1 second.</msg>
<arg>1</arg>
<doc>Pauses the test executed for the given time.</doc>
<status status="PASS" start="2024-07-05T01:32:30.220130" elapsed="1.000690"/>
</kw>
<var name="${file_path}">/home/waqar/FAST/papers/Image_15.jpg</var>
<status status="PASS" start="2024-07-05T01:32:27.753424" elapsed="3.467588"/>
</iter>
<iter>
<kw name="Go To" owner="SeleniumLibrary">
<msg time="2024-07-05T01:32:31.222467" level="INFO">Opening url 'http://127.0.0.1:5000/upload'</msg>
<arg>${UPLOAD_URL}</arg>
<doc>Navigates the current browser window to the provided ``url``.</doc>
<status status="PASS" start="2024-07-05T01:32:31.221876" elapsed="0.077830"/>
</kw>
<kw name="Wait Until Element Is Visible" owner="SeleniumLibrary">
<arg>id=myDropzone</arg>
<arg>timeout=10s</arg>
<doc>Waits until the element ``locator`` is visible.</doc>
<status status="PASS" start="2024-07-05T01:32:31.300182" elapsed="0.014842"/>
</kw>
<kw name="Click Element" owner="SeleniumLibrary">
<msg time="2024-07-05T01:32:31.315867" level="INFO">Clicking element 'id=myDropzone'.</msg>
<arg>id=myDropzone</arg>
<doc>Click the element identified by ``locator``.</doc>
<status status="PASS" start="2024-07-05T01:32:31.315455" elapsed="0.028131"/>
</kw>
<kw name="Sleep" owner="BuiltIn">
<msg time="2024-07-05T01:32:32.344321" level="INFO">Slept 1 second.</msg>
<arg>1</arg>
<doc>Pauses the test executed for the given time.</doc>
<status status="PASS" start="2024-07-05T01:32:31.343870" elapsed="1.000734"/>
</kw>
<kw name="Typewrite" owner="pyautogui">
<arg>${file_path}</arg>
<doc>Performs a keyboard key press down, followed by a release, for each of
the characters in message.</doc>
<status status="PASS" start="2024-07-05T01:32:32.345106" elapsed="0.117636"/>
</kw>
<kw name="Press" owner="pyautogui">
<arg>enter</arg>
<doc>Performs a keyboard key press down, followed by a release.</doc>
<status status="PASS" start="2024-07-05T01:32:32.463313" elapsed="0.102471"/>
</kw>
<kw name="Sleep" owner="BuiltIn">
<msg time="2024-07-05T01:32:33.567017" level="INFO">Slept 1 second.</msg>
<arg>1</arg>
<doc>Pauses the test executed for the given time.</doc>
<status status="PASS" start="2024-07-05T01:32:32.566388" elapsed="1.000909"/>
</kw>
<kw name="Click Link" owner="SeleniumLibrary">
<msg time="2024-07-05T01:32:33.568270" level="INFO">Clicking link 'Done'.</msg>
<arg>Done</arg>
<doc>Clicks a link identified by ``locator``.</doc>
<status status="PASS" start="2024-07-05T01:32:33.567788" elapsed="0.152714"/>
</kw>
<kw name="Sleep" owner="BuiltIn">
<msg time="2024-07-05T01:32:34.721576" level="INFO">Slept 1 second.</msg>
<arg>1</arg>
<doc>Pauses the test executed for the given time.</doc>
<status status="PASS" start="2024-07-05T01:32:33.720998" elapsed="1.000852"/>
</kw>
<var name="${file_path}">/home/waqar/FAST/papers/Image_16.jpg</var>
<status status="PASS" start="2024-07-05T01:32:31.221521" elapsed="3.500550"/>
</iter>
<iter>
<kw name="Go To" owner="SeleniumLibrary">
<msg time="2024-07-05T01:32:34.723395" level="INFO">Opening url 'http://127.0.0.1:5000/upload'</msg>
<arg>${UPLOAD_URL}</arg>
<doc>Navigates the current browser window to the provided ``url``.</doc>
<status status="PASS" start="2024-07-05T01:32:34.722941" elapsed="0.101940"/>
</kw>
<kw name="Wait Until Element Is Visible" owner="SeleniumLibrary">
<arg>id=myDropzone</arg>
<arg>timeout=10s</arg>
<doc>Waits until the element ``locator`` is visible.</doc>
<status status="PASS" start="2024-07-05T01:32:34.825497" elapsed="0.016588"/>
</kw>
<kw name="Click Element" owner="SeleniumLibrary">
<msg time="2024-07-05T01:32:34.842613" level="INFO">Clicking element 'id=myDropzone'.</msg>
<arg>id=myDropzone</arg>
<doc>Click the element identified by ``locator``.</doc>
<status status="PASS" start="2024-07-05T01:32:34.842354" elapsed="0.025512"/>
</kw>
<kw name="Sleep" owner="BuiltIn">
<msg time="2024-07-05T01:32:35.868963" level="INFO">Slept 1 second.</msg>
<arg>1</arg>
<doc>Pauses the test executed for the given time.</doc>
<status status="PASS" start="2024-07-05T01:32:34.868263" elapsed="1.001009"/>
</kw>
<kw name="Typewrite" owner="pyautogui">
<arg>${file_path}</arg>
<doc>Performs a keyboard key press down, followed by a release, for each of
the characters in message.</doc>
<status status="PASS" start="2024-07-05T01:32:35.869805" elapsed="0.120890"/>
</kw>
<kw name="Press" owner="pyautogui">
<arg>enter</arg>
<doc>Performs a keyboard key press down, followed by a release.</doc>
<status status="PASS" start="2024-07-05T01:32:35.991259" elapsed="0.102546"/>
</kw>
<kw name="Sleep" owner="BuiltIn">
<msg time="2024-07-05T01:32:37.095038" level="INFO">Slept 1 second.</msg>
<arg>1</arg>
<doc>Pauses the test executed for the given time.</doc>
<status status="PASS" start="2024-07-05T01:32:36.094404" elapsed="1.000915"/>
</kw>
<kw name="Click Link" owner="SeleniumLibrary">
<msg time="2024-07-05T01:32:37.096305" level="INFO">Clicking link 'Done'.</msg>
<arg>Done</arg>
<doc>Clicks a link identified by ``locator``.</doc>
<status status="PASS" start="2024-07-05T01:32:37.095819" elapsed="0.107809"/>
</kw>
<kw name="Sleep" owner="BuiltIn">
<msg time="2024-07-05T01:32:38.204592" level="INFO">Slept 1 second.</msg>
<arg>1</arg>
<doc>Pauses the test executed for the given time.</doc>
<status status="PASS" start="2024-07-05T01:32:37.204077" elapsed="1.000793"/>
</kw>
<var name="${file_path}">/home/waqar/FAST/papers/Image_17.jpg</var>
<status status="PASS" start="2024-07-05T01:32:34.722559" elapsed="3.482504"/>
</iter>
<iter>
<kw name="Go To" owner="SeleniumLibrary">
<msg time="2024-07-05T01:32:38.206423" level="INFO">Opening url 'http://127.0.0.1:5000/upload'</msg>
<arg>${UPLOAD_URL}</arg>
<doc>Navigates the current browser window to the provided ``url``.</doc>
<status status="PASS" start="2024-07-05T01:32:38.205921" elapsed="0.085851"/>
</kw>
<kw name="Wait Until Element Is Visible" owner="SeleniumLibrary">
<arg>id=myDropzone</arg>
<arg>timeout=10s</arg>
<doc>Waits until the element ``locator`` is visible.</doc>
<status status="PASS" start="2024-07-05T01:32:38.292042" elapsed="0.016702"/>
</kw>
<kw name="Click Element" owner="SeleniumLibrary">
<msg time="2024-07-05T01:32:38.309292" level="INFO">Clicking element 'id=myDropzone'.</msg>
<arg>id=myDropzone</arg>
<doc>Click the element identified by ``locator``.</doc>
<status status="PASS" start="2024-07-05T01:32:38.309023" elapsed="0.025683"/>
</kw>
<kw name="Sleep" owner="BuiltIn">
<msg time="2024-07-05T01:32:39.335420" level="INFO">Slept 1 second.</msg>
<arg>1</arg>
<doc>Pauses the test executed for the given time.</doc>
<status status="PASS" start="2024-07-05T01:32:38.335068" elapsed="1.000502"/>
</kw>
<kw name="Typewrite" owner="pyautogui">
<arg>${file_path}</arg>
<doc>Performs a keyboard key press down, followed by a release, for each of
the characters in message.</doc>
<status status="PASS" start="2024-07-05T01:32:39.335820" elapsed="0.118372"/>
</kw>
<kw name="Press" owner="pyautogui">
<arg>enter</arg>
<doc>Performs a keyboard key press down, followed by a release.</doc>
<status status="PASS" start="2024-07-05T01:32:39.454529" elapsed="0.101001"/>
</kw>
<kw name="Sleep" owner="BuiltIn">
<msg time="2024-07-05T01:32:40.556522" level="INFO">Slept 1 second.</msg>
<arg>1</arg>
<doc>Pauses the test executed for the given time.</doc>
<status status="PASS" start="2024-07-05T01:32:39.556063" elapsed="1.000650"/>
</kw>
<kw name="Click Link" owner="SeleniumLibrary">
<msg time="2024-07-05T01:32:40.557418" level="INFO">Clicking link 'Done'.</msg>
<arg>Done</arg>
<doc>Clicks a link identified by ``locator``.</doc>
<status status="PASS" start="2024-07-05T01:32:40.557102" elapsed="0.114919"/>
</kw>
<kw name="Sleep" owner="BuiltIn">
<msg time="2024-07-05T01:32:41.673339" level="INFO">Slept 1 second.</msg>
<arg>1</arg>
<doc>Pauses the test executed for the given time.</doc>
<status status="PASS" start="2024-07-05T01:32:40.672638" elapsed="1.000967"/>
</kw>
<var name="${file_path}">/home/waqar/FAST/papers/Image_18.jpg</var>
<status status="PASS" start="2024-07-05T01:32:38.205528" elapsed="3.468257"/>
</iter>
<iter>
<kw name="Go To" owner="SeleniumLibrary">
<msg time="2024-07-05T01:32:41.675139" level="INFO">Opening url 'http://127.0.0.1:5000/upload'</msg>
<arg>${UPLOAD_URL}</arg>
<doc>Navigates the current browser window to the provided ``url``.</doc>
<status status="PASS" start="2024-07-05T01:32:41.674705" elapsed="0.082061"/>
</kw>
<kw name="Wait Until Element Is Visible" owner="SeleniumLibrary">
<arg>id=myDropzone</arg>
<arg>timeout=10s</arg>
<doc>Waits until the element ``locator`` is visible.</doc>
<status status="PASS" start="2024-07-05T01:32:41.757278" elapsed="0.015822"/>
</kw>
<kw name="Click Element" owner="SeleniumLibrary">
<msg time="2024-07-05T01:32:41.773649" level="INFO">Clicking element 'id=myDropzone'.</msg>
<arg>id=myDropzone</arg>
<doc>Click the element identified by ``locator``.</doc>
<status status="PASS" start="2024-07-05T01:32:41.773373" elapsed="0.031017"/>
</kw>
<kw name="Sleep" owner="BuiltIn">
<msg time="2024-07-05T01:32:42.805165" level="INFO">Slept 1 second.</msg>
<arg>1</arg>
<doc>Pauses the test executed for the given time.</doc>
<status status="PASS" start="2024-07-05T01:32:41.804687" elapsed="1.000788"/>
</kw>
<kw name="Typewrite" owner="pyautogui">
<arg>${file_path}</arg>
<doc>Performs a keyboard key press down, followed by a release, for each of
the characters in message.</doc>
<status status="PASS" start="2024-07-05T01:32:42.806008" elapsed="0.116464"/>
</kw>
<kw name="Press" owner="pyautogui">
<arg>enter</arg>
<doc>Performs a keyboard key press down, followed by a release.</doc>
<status status="PASS" start="2024-07-05T01:32:42.923048" elapsed="0.102324"/>
</kw>
<kw name="Sleep" owner="BuiltIn">
<msg time="2024-07-05T01:32:44.026557" level="INFO">Slept 1 second.</msg>
<arg>1</arg>
<doc>Pauses the test executed for the given time.</doc>
<status status="PASS" start="2024-07-05T01:32:43.025941" elapsed="1.000890"/>
</kw>
<kw name="Click Link" owner="SeleniumLibrary">
<msg time="2024-07-05T01:32:44.027795" level="INFO">Clicking link 'Done'.</msg>
<arg>Done</arg>
<doc>Clicks a link identified by ``locator``.</doc>
<status status="PASS" start="2024-07-05T01:32:44.027309" elapsed="0.138423"/>
</kw>
<kw name="Sleep" owner="BuiltIn">
<msg time="2024-07-05T01:32:45.166475" level="INFO">Slept 1 second.</msg>
<arg>1</arg>
<doc>Pauses the test executed for the given time.</doc>
<status status="PASS" start="2024-07-05T01:32:44.166048" elapsed="1.000709"/>
</kw>
<var name="${file_path}">/home/waqar/FAST/papers/Image_19.jpg</var>
<status status="PASS" start="2024-07-05T01:32:41.674365" elapsed="3.492584"/>
</iter>
<iter>
<kw name="Go To" owner="SeleniumLibrary">
<msg time="2024-07-05T01:32:45.168202" level="INFO">Opening url 'http://127.0.0.1:5000/upload'</msg>
<arg>${UPLOAD_URL}</arg>
<doc>Navigates the current browser window to the provided ``url``.</doc>
<status status="PASS" start="2024-07-05T01:32:45.167757" elapsed="0.103621"/>
</kw>
<kw name="Wait Until Element Is Visible" owner="SeleniumLibrary">
<arg>id=myDropzone</arg>
<arg>timeout=10s</arg>
<doc>Waits until the element ``locator`` is visible.</doc>
<status status="PASS" start="2024-07-05T01:32:45.272033" elapsed="0.024458"/>
</kw>
<kw name="Click Element" owner="SeleniumLibrary">
<msg time="2024-07-05T01:32:45.298116" level="INFO">Clicking element 'id=myDropzone'.</msg>
<arg>id=myDropzone</arg>
<doc>Click the element identified by ``locator``.</doc>
<status status="PASS" start="2024-07-05T01:32:45.297564" elapsed="0.024793"/>
</kw>
<kw name="Sleep" owner="BuiltIn">
<msg time="2024-07-05T01:32:46.323113" level="INFO">Slept 1 second.</msg>
<arg>1</arg>
<doc>Pauses the test executed for the given time.</doc>
<status status="PASS" start="2024-07-05T01:32:45.322649" elapsed="1.000756"/>
</kw>
<kw name="Typewrite" owner="pyautogui">
<arg>${file_path}</arg>
<doc>Performs a keyboard key press down, followed by a release, for each of
the characters in message.</doc>
<status status="PASS" start="2024-07-05T01:32:46.323943" elapsed="0.117223"/>
</kw>
<kw name="Press" owner="pyautogui">
<arg>enter</arg>
<doc>Performs a keyboard key press down, followed by a release.</doc>
<status status="PASS" start="2024-07-05T01:32:46.441722" elapsed="0.102515"/>
</kw>
<kw name="Sleep" owner="BuiltIn">
<msg time="2024-07-05T01:32:47.545582" level="INFO">Slept 1 second.</msg>
<arg>1</arg>
<doc>Pauses the test executed for the given time.</doc>
<status status="PASS" start="2024-07-05T01:32:46.544828" elapsed="1.001044"/>
</kw>
<kw name="Click Link" owner="SeleniumLibrary">
<msg time="2024-07-05T01:32:47.546882" level="INFO">Clicking link 'Done'.</msg>
<arg>Done</arg>
<doc>Clicks a link identified by ``locator``.</doc>
<status status="PASS" start="2024-07-05T01:32:47.546401" elapsed="0.144943"/>
</kw>
<kw name="Sleep" owner="BuiltIn">
<msg time="2024-07-05T01:32:48.694205" level="INFO">Slept 1 second.</msg>
<arg>1</arg>
<doc>Pauses the test executed for the given time.</doc>
<status status="PASS" start="2024-07-05T01:32:47.692712" elapsed="1.001777"/>
</kw>
<var name="${file_path}">/home/waqar/FAST/papers/Image_20.jpg</var>
<status status="PASS" start="2024-07-05T01:32:45.167419" elapsed="3.527261"/>
</iter>
<iter>
<kw name="Go To" owner="SeleniumLibrary">
<msg time="2024-07-05T01:32:48.695937" level="INFO">Opening url 'http://127.0.0.1:5000/upload'</msg>
<arg>${UPLOAD_URL}</arg>
<doc>Navigates the current browser window to the provided ``url``.</doc>
<status status="PASS" start="2024-07-05T01:32:48.695494" elapsed="0.088632"/>
</kw>
<kw name="Wait Until Element Is Visible" owner="SeleniumLibrary">
<arg>id=myDropzone</arg>
<arg>timeout=10s</arg>
<doc>Waits until the element ``locator`` is visible.</doc>
<status status="PASS" start="2024-07-05T01:32:48.784803" elapsed="0.019849"/>
</kw>
<kw name="Click Element" owner="SeleniumLibrary">
<msg time="2024-07-05T01:32:48.805197" level="INFO">Clicking element 'id=myDropzone'.</msg>
<arg>id=myDropzone</arg>
<doc>Click the element identified by ``locator``.</doc>
<status status="PASS" start="2024-07-05T01:32:48.804930" elapsed="0.023977"/>
</kw>
<kw name="Sleep" owner="BuiltIn">
<msg time="2024-07-05T01:32:49.829577" level="INFO">Slept 1 second.</msg>
<arg>1</arg>
<doc>Pauses the test executed for the given time.</doc>
<status status="PASS" start="2024-07-05T01:32:48.829177" elapsed="1.000704"/>
</kw>
<kw name="Typewrite" owner="pyautogui">
<arg>${file_path}</arg>
<doc>Performs a keyboard key press down, followed by a release, for each of
the characters in message.</doc>
<status status="PASS" start="2024-07-05T01:32:49.830471" elapsed="0.116570"/>
</kw>
<kw name="Press" owner="pyautogui">
<arg>enter</arg>
<doc>Performs a keyboard key press down, followed by a release.</doc>
<status status="PASS" start="2024-07-05T01:32:49.947602" elapsed="0.102304"/>
</kw>
<kw name="Sleep" owner="BuiltIn">
<msg time="2024-07-05T01:32:51.050909" level="INFO">Slept 1 second.</msg>
<arg>1</arg>
<doc>Pauses the test executed for the given time.</doc>
<status status="PASS" start="2024-07-05T01:32:50.050424" elapsed="1.000746"/>
</kw>
<kw name="Click Link" owner="SeleniumLibrary">
<msg time="2024-07-05T01:32:51.052069" level="INFO">Clicking link 'Done'.</msg>
<arg>Done</arg>
<doc>Clicks a link identified by ``locator``.</doc>
<status status="PASS" start="2024-07-05T01:32:51.051628" elapsed="0.144344"/>
</kw>
<kw name="Sleep" owner="BuiltIn">
<msg time="2024-07-05T01:32:52.196830" level="INFO">Slept 1 second.</msg>
<arg>1</arg>
<doc>Pauses the test executed for the given time.</doc>
<status status="PASS" start="2024-07-05T01:32:51.196276" elapsed="1.000976"/>
</kw>
<var name="${file_path}">/home/waqar/FAST/papers/Image_21.jpg</var>
<status status="PASS" start="2024-07-05T01:32:48.695152" elapsed="3.502303"/>
</iter>
<iter>
<kw name="Go To" owner="SeleniumLibrary">
<msg time="2024-07-05T01:32:52.198744" level="INFO">Opening url 'http://127.0.0.1:5000/upload'</msg>
<arg>${UPLOAD_URL}</arg>
<doc>Navigates the current browser window to the provided ``url``.</doc>
<status status="PASS" start="2024-07-05T01:32:52.198302" elapsed="0.081527"/>
</kw>
<kw name="Wait Until Element Is Visible" owner="SeleniumLibrary">
<arg>id=myDropzone</arg>
<arg>timeout=10s</arg>
<doc>Waits until the element ``locator`` is visible.</doc>
<status status="PASS" start="2024-07-05T01:32:52.280519" elapsed="0.013327"/>
</kw>
<kw name="Click Element" owner="SeleniumLibrary">
<msg time="2024-07-05T01:32:52.294634" level="INFO">Clicking element 'id=myDropzone'.</msg>
<arg>id=myDropzone</arg>
<doc>Click the element identified by ``locator``.</doc>
<status status="PASS" start="2024-07-05T01:32:52.294276" elapsed="0.024255"/>
</kw>
<kw name="Sleep" owner="BuiltIn">
<msg time="2024-07-05T01:32:53.319358" level="INFO">Slept 1 second.</msg>
<arg>1</arg>
<doc>Pauses the test executed for the given time.</doc>
<status status="PASS" start="2024-07-05T01:32:52.318809" elapsed="1.000833"/>
</kw>
<kw name="Typewrite" owner="pyautogui">
<arg>${file_path}</arg>
<doc>Performs a keyboard key press down, followed by a release, for each of
the characters in message.</doc>
<status status="PASS" start="2024-07-05T01:32:53.320134" elapsed="0.122812"/>
</kw>
<kw name="Press" owner="pyautogui">
<arg>enter</arg>
<doc>Performs a keyboard key press down, followed by a release.</doc>
<status status="PASS" start="2024-07-05T01:32:53.443476" elapsed="0.102486"/>
</kw>
<kw name="Sleep" owner="BuiltIn">
<msg time="2024-07-05T01:32:54.547191" level="INFO">Slept 1 second.</msg>
<arg>1</arg>
<doc>Pauses the test executed for the given time.</doc>
<status status="PASS" start="2024-07-05T01:32:53.546578" elapsed="1.000896"/>
</kw>
<kw name="Click Link" owner="SeleniumLibrary">
<msg time="2024-07-05T01:32:54.548461" level="INFO">Clicking link 'Done'.</msg>
<arg>Done</arg>
<doc>Clicks a link identified by ``locator``.</doc>
<status status="PASS" start="2024-07-05T01:32:54.547976" elapsed="0.130621"/>
</kw>
<kw name="Sleep" owner="BuiltIn">
<msg time="2024-07-05T01:32:55.679453" level="INFO">Slept 1 second.</msg>
<arg>1</arg>
<doc>Pauses the test executed for the given time.</doc>
<status status="PASS" start="2024-07-05T01:32:54.678964" elapsed="1.000778"/>
</kw>
<var name="${file_path}">/home/waqar/FAST/papers/Image_22.jpg</var>
<status status="PASS" start="2024-07-05T01:32:52.197931" elapsed="3.482006"/>
</iter>
<iter>
<kw name="Go To" owner="SeleniumLibrary">
<msg time="2024-07-05T01:32:55.681212" level="INFO">Opening url 'http://127.0.0.1:5000/upload'</msg>
<arg>${UPLOAD_URL}</arg>
<doc>Navigates the current browser window to the provided ``url``.</doc>
<status status="PASS" start="2024-07-05T01:32:55.680760" elapsed="0.089670"/>
</kw>
<kw name="Wait Until Element Is Visible" owner="SeleniumLibrary">
<arg>id=myDropzone</arg>
<arg>timeout=10s</arg>
<doc>Waits until the element ``locator`` is visible.</doc>
<status status="PASS" start="2024-07-05T01:32:55.770997" elapsed="0.026339"/>
</kw>
<kw name="Click Element" owner="SeleniumLibrary">
<msg time="2024-07-05T01:32:55.797884" level="INFO">Clicking element 'id=myDropzone'.</msg>
<arg>id=myDropzone</arg>
<doc>Click the element identified by ``locator``.</doc>
<status status="PASS" start="2024-07-05T01:32:55.797616" elapsed="0.026977"/>
</kw>
<kw name="Sleep" owner="BuiltIn">
<msg time="2024-07-05T01:32:56.825275" level="INFO">Slept 1 second.</msg>
<arg>1</arg>
<doc>Pauses the test executed for the given time.</doc>
<status status="PASS" start="2024-07-05T01:32:55.824971" elapsed="1.000509"/>
</kw>
<kw name="Typewrite" owner="pyautogui">
<arg>${file_path}</arg>
<doc>Performs a keyboard key press down, followed by a release, for each of
the characters in message.</doc>
<status status="PASS" start="2024-07-05T01:32:56.825799" elapsed="0.113826"/>
</kw>
<kw name="Press" owner="pyautogui">
<arg>enter</arg>
<doc>Performs a keyboard key press down, followed by a release.</doc>
<status status="PASS" start="2024-07-05T01:32:56.939994" elapsed="0.101728"/>
</kw>
<kw name="Sleep" owner="BuiltIn">
<msg time="2024-07-05T01:32:58.043032" level="INFO">Slept 1 second.</msg>
<arg>1</arg>
<doc>Pauses the test executed for the given time.</doc>
<status status="PASS" start="2024-07-05T01:32:57.042303" elapsed="1.001027"/>
</kw>
<kw name="Click Link" owner="SeleniumLibrary">
<msg time="2024-07-05T01:32:58.044403" level="INFO">Clicking link 'Done'.</msg>
<arg>Done</arg>
<doc>Clicks a link identified by ``locator``.</doc>
<status status="PASS" start="2024-07-05T01:32:58.043871" elapsed="0.135670"/>
</kw>
<kw name="Sleep" owner="BuiltIn">
<msg time="2024-07-05T01:32:59.180301" level="INFO">Slept 1 second.</msg>
<arg>1</arg>
<doc>Pauses the test executed for the given time.</doc>
<status status="PASS" start="2024-07-05T01:32:58.179844" elapsed="1.000735"/>
</kw>
<var name="${file_path}">/home/waqar/FAST/papers/Image_23.jpg</var>
<status status="PASS" start="2024-07-05T01:32:55.680416" elapsed="3.500355"/>
</iter>
<iter>
<kw name="Go To" owner="SeleniumLibrary">
<msg time="2024-07-05T01:32:59.182052" level="INFO">Opening url 'http://127.0.0.1:5000/upload'</msg>
<arg>${UPLOAD_URL}</arg>
<doc>Navigates the current browser window to the provided ``url``.</doc>
<status status="PASS" start="2024-07-05T01:32:59.181575" elapsed="0.095257"/>
</kw>
<kw name="Wait Until Element Is Visible" owner="SeleniumLibrary">
<arg>id=myDropzone</arg>
<arg>timeout=10s</arg>
<doc>Waits until the element ``locator`` is visible.</doc>
<status status="PASS" start="2024-07-05T01:32:59.277351" elapsed="0.013580"/>
</kw>
<kw name="Click Element" owner="SeleniumLibrary">
<msg time="2024-07-05T01:32:59.291442" level="INFO">Clicking element 'id=myDropzone'.</msg>
<arg>id=myDropzone</arg>
<doc>Click the element identified by ``locator``.</doc>
<status status="PASS" start="2024-07-05T01:32:59.291190" elapsed="0.026738"/>
</kw>
<kw name="Sleep" owner="BuiltIn">
<msg time="2024-07-05T01:33:00.319388" level="INFO">Slept 1 second.</msg>
<arg>1</arg>
<doc>Pauses the test executed for the given time.</doc>
<status status="PASS" start="2024-07-05T01:32:59.318861" elapsed="1.000811"/>
</kw>
<kw name="Typewrite" owner="pyautogui">
<arg>${file_path}</arg>
<doc>Performs a keyboard key press down, followed by a release, for each of
the characters in message.</doc>
<status status="PASS" start="2024-07-05T01:33:00.320167" elapsed="0.116982"/>
</kw>
<kw name="Press" owner="pyautogui">
<arg>enter</arg>
<doc>Performs a keyboard key press down, followed by a release.</doc>
<status status="PASS" start="2024-07-05T01:33:00.437673" elapsed="0.102518"/>
</kw>
<kw name="Sleep" owner="BuiltIn">
<msg time="2024-07-05T01:33:01.541423" level="INFO">Slept 1 second.</msg>
<arg>1</arg>
<doc>Pauses the test executed for the given time.</doc>
<status status="PASS" start="2024-07-05T01:33:00.540714" elapsed="1.001020"/>
</kw>
<kw name="Click Link" owner="SeleniumLibrary">
<msg time="2024-07-05T01:33:01.542915" level="INFO">Clicking link 'Done'.</msg>
<arg>Done</arg>
<doc>Clicks a link identified by ``locator``.</doc>
<status status="PASS" start="2024-07-05T01:33:01.542377" elapsed="0.172776"/>
</kw>
<kw name="Sleep" owner="BuiltIn">
<msg time="2024-07-05T01:33:02.716144" level="INFO">Slept 1 second.</msg>
<arg>1</arg>
<doc>Pauses the test executed for the given time.</doc>
<status status="PASS" start="2024-07-05T01:33:01.715645" elapsed="1.000785"/>
</kw>
<var name="${file_path}">/home/waqar/FAST/papers/Image_24.jpg</var>
<status status="PASS" start="2024-07-05T01:32:59.181239" elapsed="3.535381"/>
</iter>
<iter>
<kw name="Go To" owner="SeleniumLibrary">
<msg time="2024-07-05T01:33:02.717876" level="INFO">Opening url 'http://127.0.0.1:5000/upload'</msg>
<arg>${UPLOAD_URL}</arg>
<doc>Navigates the current browser window to the provided ``url``.</doc>
<status status="PASS" start="2024-07-05T01:33:02.717443" elapsed="0.090433"/>
</kw>
<kw name="Wait Until Element Is Visible" owner="SeleniumLibrary">
<arg>id=myDropzone</arg>
<arg>timeout=10s</arg>
<doc>Waits until the element ``locator`` is visible.</doc>
<status status="PASS" start="2024-07-05T01:33:02.808331" elapsed="0.026991"/>
</kw>
<kw name="Click Element" owner="SeleniumLibrary">
<msg time="2024-07-05T01:33:02.837070" level="INFO">Clicking element 'id=myDropzone'.</msg>
<arg>id=myDropzone</arg>
<doc>Click the element identified by ``locator``.</doc>
<status status="PASS" start="2024-07-05T01:33:02.836154" elapsed="0.033068"/>
</kw>
<kw name="Sleep" owner="BuiltIn">
<msg time="2024-07-05T01:33:03.870560" level="INFO">Slept 1 second.</msg>
<arg>1</arg>
<doc>Pauses the test executed for the given time.</doc>
<status status="PASS" start="2024-07-05T01:33:02.869769" elapsed="1.001080"/>
</kw>
<kw name="Typewrite" owner="pyautogui">
<arg>${file_path}</arg>
<doc>Performs a keyboard key press down, followed by a release, for each of
the characters in message.</doc>
<status status="PASS" start="2024-07-05T01:33:03.871351" elapsed="0.116014"/>
</kw>
<kw name="Press" owner="pyautogui">
<arg>enter</arg>
<doc>Performs a keyboard key press down, followed by a release.</doc>
<status status="PASS" start="2024-07-05T01:33:03.987934" elapsed="0.102186"/>
</kw>
<kw name="Sleep" owner="BuiltIn">
<msg time="2024-07-05T01:33:05.091434" level="INFO">Slept 1 second.</msg>
<arg>1</arg>
<doc>Pauses the test executed for the given time.</doc>
<status status="PASS" start="2024-07-05T01:33:04.090683" elapsed="1.001057"/>
</kw>
<kw name="Click Link" owner="SeleniumLibrary">
<msg time="2024-07-05T01:33:05.092800" level="INFO">Clicking link 'Done'.</msg>
<arg>Done</arg>
<doc>Clicks a link identified by ``locator``.</doc>
<status status="PASS" start="2024-07-05T01:33:05.092284" elapsed="0.166977"/>
</kw>
<kw name="Sleep" owner="BuiltIn">
<msg time="2024-07-05T01:33:06.260429" level="INFO">Slept 1 second.</msg>
<arg>1</arg>
<doc>Pauses the test executed for the given time.</doc>
<status status="PASS" start="2024-07-05T01:33:05.259776" elapsed="1.000938"/>
</kw>
<var name="${file_path}">/home/waqar/FAST/papers/Image_25.jpg</var>
<status status="PASS" start="2024-07-05T01:33:02.717098" elapsed="3.543810"/>
</iter>
<iter>
<kw name="Go To" owner="SeleniumLibrary">
<msg time="2024-07-05T01:33:06.262208" level="INFO">Opening url 'http://127.0.0.1:5000/upload'</msg>
<arg>${UPLOAD_URL}</arg>
<doc>Navigates the current browser window to the provided ``url``.</doc>
<status status="PASS" start="2024-07-05T01:33:06.261716" elapsed="0.081319"/>
</kw>
<kw name="Wait Until Element Is Visible" owner="SeleniumLibrary">
<arg>id=myDropzone</arg>
<arg>timeout=10s</arg>
<doc>Waits until the element ``locator`` is visible.</doc>
<status status="PASS" start="2024-07-05T01:33:06.343307" elapsed="0.020115"/>
</kw>
<kw name="Click Element" owner="SeleniumLibrary">
<msg time="2024-07-05T01:33:06.364756" level="INFO">Clicking element 'id=myDropzone'.</msg>
<arg>id=myDropzone</arg>
<doc>Click the element identified by ``locator``.</doc>
<status status="PASS" start="2024-07-05T01:33:06.364197" elapsed="0.027255"/>
</kw>
<kw name="Sleep" owner="BuiltIn">
<msg time="2024-07-05T01:33:07.392263" level="INFO">Slept 1 second.</msg>
<arg>1</arg>
<doc>Pauses the test executed for the given time.</doc>
<status status="PASS" start="2024-07-05T01:33:06.391725" elapsed="1.000816"/>
</kw>
<kw name="Typewrite" owner="pyautogui">
<arg>${file_path}</arg>
<doc>Performs a keyboard key press down, followed by a release, for each of
the characters in message.</doc>
<status status="PASS" start="2024-07-05T01:33:07.393035" elapsed="0.116779"/>
</kw>
<kw name="Press" owner="pyautogui">
<arg>enter</arg>
<doc>Performs a keyboard key press down, followed by a release.</doc>
<status status="PASS" start="2024-07-05T01:33:07.510433" elapsed="0.102635"/>
</kw>
<kw name="Sleep" owner="BuiltIn">
<msg time="2024-07-05T01:33:08.614390" level="INFO">Slept 1 second.</msg>
<arg>1</arg>
<doc>Pauses the test executed for the given time.</doc>
<status status="PASS" start="2024-07-05T01:33:07.613633" elapsed="1.001059"/>
</kw>
<kw name="Click Link" owner="SeleniumLibrary">
<msg time="2024-07-05T01:33:08.615757" level="INFO">Clicking link 'Done'.</msg>
<arg>Done</arg>
<doc>Clicks a link identified by ``locator``.</doc>
<status status="PASS" start="2024-07-05T01:33:08.615231" elapsed="0.118468"/>
</kw>
<kw name="Sleep" owner="BuiltIn">
<msg time="2024-07-05T01:33:09.734526" level="INFO">Slept 1 second.</msg>
<arg>1</arg>
<doc>Pauses the test executed for the given time.</doc>
<status status="PASS" start="2024-07-05T01:33:08.734066" elapsed="1.000681"/>
</kw>
<var name="${file_path}">/home/waqar/FAST/papers/Image_26.jpg</var>
<status status="PASS" start="2024-07-05T01:33:06.261378" elapsed="3.473508"/>
</iter>
<iter>
<kw name="Go To" owner="SeleniumLibrary">
<msg time="2024-07-05T01:33:09.735811" level="INFO">Opening url 'http://127.0.0.1:5000/upload'</msg>
<arg>${UPLOAD_URL}</arg>
<doc>Navigates the current browser window to the provided ``url``.</doc>
<status status="PASS" start="2024-07-05T01:33:09.735481" elapsed="0.048888"/>
</kw>
<kw name="Wait Until Element Is Visible" owner="SeleniumLibrary">
<arg>id=myDropzone</arg>
<arg>timeout=10s</arg>
<doc>Waits until the element ``locator`` is visible.</doc>
<status status="PASS" start="2024-07-05T01:33:09.784642" elapsed="0.017833"/>
</kw>
<kw name="Click Element" owner="SeleniumLibrary">
<msg time="2024-07-05T01:33:09.803000" level="INFO">Clicking element 'id=myDropzone'.</msg>
<arg>id=myDropzone</arg>
<doc>Click the element identified by ``locator``.</doc>
<status status="PASS" start="2024-07-05T01:33:09.802739" elapsed="0.033825"/>
</kw>
<kw name="Sleep" owner="BuiltIn">
<msg time="2024-07-05T01:33:10.837216" level="INFO">Slept 1 second.</msg>
<arg>1</arg>
<doc>Pauses the test executed for the given time.</doc>
<status status="PASS" start="2024-07-05T01:33:09.836830" elapsed="1.000649"/>
</kw>
<kw name="Typewrite" owner="pyautogui">
<arg>${file_path}</arg>
<doc>Performs a keyboard key press down, followed by a release, for each of
the characters in message.</doc>
<status status="PASS" start="2024-07-05T01:33:10.837936" elapsed="0.116282"/>
</kw>
<kw name="Press" owner="pyautogui">
<arg>enter</arg>
<doc>Performs a keyboard key press down, followed by a release.</doc>
<status status="PASS" start="2024-07-05T01:33:10.954782" elapsed="0.102511"/>
</kw>
<kw name="Sleep" owner="BuiltIn">
<msg time="2024-07-05T01:33:12.058514" level="INFO">Slept 1 second.</msg>
<arg>1</arg>
<doc>Pauses the test executed for the given time.</doc>
<status status="PASS" start="2024-07-05T01:33:11.057865" elapsed="1.000931"/>
</kw>
<kw name="Click Link" owner="SeleniumLibrary">
<msg time="2024-07-05T01:33:12.059776" level="INFO">Clicking link 'Done'.</msg>
<arg>Done</arg>
<doc>Clicks a link identified by ``locator``.</doc>
<status status="PASS" start="2024-07-05T01:33:12.059298" elapsed="0.157995"/>
</kw>
<kw name="Sleep" owner="BuiltIn">
<msg time="2024-07-05T01:33:13.217956" level="INFO">Slept 1 second.</msg>
<arg>1</arg>
<doc>Pauses the test executed for the given time.</doc>
<status status="PASS" start="2024-07-05T01:33:12.217561" elapsed="1.000732"/>
</kw>
<var name="${file_path}">/home/waqar/FAST/papers/Image_27.jpg</var>
<status status="PASS" start="2024-07-05T01:33:09.735235" elapsed="3.483268"/>
</iter>
<iter>
<kw name="Go To" owner="SeleniumLibrary">
<msg time="2024-07-05T01:33:13.219921" level="INFO">Opening url 'http://127.0.0.1:5000/upload'</msg>
<arg>${UPLOAD_URL}</arg>
<doc>Navigates the current browser window to the provided ``url``.</doc>
<status status="PASS" start="2024-07-05T01:33:13.219447" elapsed="0.090808"/>
</kw>
<kw name="Wait Until Element Is Visible" owner="SeleniumLibrary">
<arg>id=myDropzone</arg>
<arg>timeout=10s</arg>
<doc>Waits until the element ``locator`` is visible.</doc>
<status status="PASS" start="2024-07-05T01:33:13.310963" elapsed="0.022317"/>
</kw>
<kw name="Click Element" owner="SeleniumLibrary">
<msg time="2024-07-05T01:33:13.334135" level="INFO">Clicking element 'id=myDropzone'.</msg>
<arg>id=myDropzone</arg>
<doc>Click the element identified by ``locator``.</doc>
<status status="PASS" start="2024-07-05T01:33:13.333778" elapsed="0.025498"/>
</kw>
<kw name="Sleep" owner="BuiltIn">
<msg time="2024-07-05T01:33:14.359975" level="INFO">Slept 1 second.</msg>
<arg>1</arg>
<doc>Pauses the test executed for the given time.</doc>
<status status="PASS" start="2024-07-05T01:33:13.359575" elapsed="1.000681"/>
</kw>
<kw name="Typewrite" owner="pyautogui">
<arg>${file_path}</arg>
<doc>Performs a keyboard key press down, followed by a release, for each of
the characters in message.</doc>
<status status="PASS" start="2024-07-05T01:33:14.360753" elapsed="0.115613"/>
</kw>
<kw name="Press" owner="pyautogui">
<arg>enter</arg>
<doc>Performs a keyboard key press down, followed by a release.</doc>
<status status="PASS" start="2024-07-05T01:33:14.476927" elapsed="0.102519"/>
</kw>
<kw name="Sleep" owner="BuiltIn">
<msg time="2024-07-05T01:33:15.580721" level="INFO">Slept 1 second.</msg>
<arg>1</arg>
<doc>Pauses the test executed for the given time.</doc>
<status status="PASS" start="2024-07-05T01:33:14.580006" elapsed="1.001018"/>
</kw>
<kw name="Click Link" owner="SeleniumLibrary">
<msg time="2024-07-05T01:33:15.582175" level="INFO">Clicking link 'Done'.</msg>
<arg>Done</arg>
<doc>Clicks a link identified by ``locator``.</doc>
<status status="PASS" start="2024-07-05T01:33:15.581573" elapsed="0.139326"/>
</kw>
<kw name="Sleep" owner="BuiltIn">
<msg time="2024-07-05T01:33:16.721921" level="INFO">Slept 1 second.</msg>
<arg>1</arg>
<doc>Pauses the test executed for the given time.</doc>
<status status="PASS" start="2024-07-05T01:33:15.721331" elapsed="1.000901"/>
</kw>
<var name="${file_path}">/home/waqar/FAST/papers/Image_28.jpg</var>
<status status="PASS" start="2024-07-05T01:33:13.219069" elapsed="3.503363"/>
</iter>
<iter>
<kw name="Go To" owner="SeleniumLibrary">
<msg time="2024-07-05T01:33:16.723737" level="INFO">Opening url 'http://127.0.0.1:5000/upload'</msg>
<arg>${UPLOAD_URL}</arg>
<doc>Navigates the current browser window to the provided ``url``.</doc>
<status status="PASS" start="2024-07-05T01:33:16.723286" elapsed="0.086070"/>
</kw>
<kw name="Wait Until Element Is Visible" owner="SeleniumLibrary">
<arg>id=myDropzone</arg>
<arg>timeout=10s</arg>
<doc>Waits until the element ``locator`` is visible.</doc>
<status status="PASS" start="2024-07-05T01:33:16.809931" elapsed="0.015613"/>
</kw>
<kw name="Click Element" owner="SeleniumLibrary">
<msg time="2024-07-05T01:33:16.826383" level="INFO">Clicking element 'id=myDropzone'.</msg>
<arg>id=myDropzone</arg>
<doc>Click the element identified by ``locator``.</doc>
<status status="PASS" start="2024-07-05T01:33:16.825984" elapsed="0.025106"/>
</kw>
<kw name="Sleep" owner="BuiltIn">
<msg time="2024-07-05T01:33:17.852000" level="INFO">Slept 1 second.</msg>
<arg>1</arg>
<doc>Pauses the test executed for the given time.</doc>
<status status="PASS" start="2024-07-05T01:33:16.851406" elapsed="1.000884"/>
</kw>
<kw name="Typewrite" owner="pyautogui">
<arg>${file_path}</arg>
<doc>Performs a keyboard key press down, followed by a release, for each of
the characters in message.</doc>
<status status="PASS" start="2024-07-05T01:33:17.852786" elapsed="0.119149"/>
</kw>
<kw name="Press" owner="pyautogui">
<arg>enter</arg>
<doc>Performs a keyboard key press down, followed by a release.</doc>
<status status="PASS" start="2024-07-05T01:33:17.972501" elapsed="0.102276"/>
</kw>
<kw name="Sleep" owner="BuiltIn">
<msg time="2024-07-05T01:33:19.076119" level="INFO">Slept 1 second.</msg>
<arg>1</arg>
<doc>Pauses the test executed for the given time.</doc>
<status status="PASS" start="2024-07-05T01:33:18.075346" elapsed="1.001104"/>
</kw>
<kw name="Click Link" owner="SeleniumLibrary">
<msg time="2024-07-05T01:33:19.077894" level="INFO">Clicking link 'Done'.</msg>
<arg>Done</arg>
<doc>Clicks a link identified by ``locator``.</doc>
<status status="PASS" start="2024-07-05T01:33:19.077006" elapsed="0.140238"/>
</kw>
<kw name="Sleep" owner="BuiltIn">
<msg time="2024-07-05T01:33:20.217925" level="INFO">Slept 1 second.</msg>
<arg>1</arg>
<doc>Pauses the test executed for the given time.</doc>
<status status="PASS" start="2024-07-05T01:33:19.217537" elapsed="1.000695"/>
</kw>
<var name="${file_path}">/home/waqar/FAST/papers/Image_29.jpg</var>
<status status="PASS" start="2024-07-05T01:33:16.722934" elapsed="3.495490"/>
</iter>
<iter>
<kw name="Go To" owner="SeleniumLibrary">
<msg time="2024-07-05T01:33:20.219665" level="INFO">Opening url 'http://127.0.0.1:5000/upload'</msg>
<arg>${UPLOAD_URL}</arg>
<doc>Navigates the current browser window to the provided ``url``.</doc>
<status status="PASS" start="2024-07-05T01:33:20.219227" elapsed="0.083023"/>
</kw>
<kw name="Wait Until Element Is Visible" owner="SeleniumLibrary">
<arg>id=myDropzone</arg>
<arg>timeout=10s</arg>
<doc>Waits until the element ``locator`` is visible.</doc>
<status status="PASS" start="2024-07-05T01:33:20.302918" elapsed="0.021529"/>
</kw>
<kw name="Click Element" owner="SeleniumLibrary">
<msg time="2024-07-05T01:33:20.325426" level="INFO">Clicking element 'id=myDropzone'.</msg>
<arg>id=myDropzone</arg>
<doc>Click the element identified by ``locator``.</doc>
<status status="PASS" start="2024-07-05T01:33:20.325134" elapsed="0.026248"/>
</kw>
<kw name="Sleep" owner="BuiltIn">
<msg time="2024-07-05T01:33:21.352278" level="INFO">Slept 1 second.</msg>
<arg>1</arg>
<doc>Pauses the test executed for the given time.</doc>
<status status="PASS" start="2024-07-05T01:33:20.351683" elapsed="1.000879"/>
</kw>
<kw name="Typewrite" owner="pyautogui">
<arg>${file_path}</arg>
<doc>Performs a keyboard key press down, followed by a release, for each of
the characters in message.</doc>
<status status="PASS" start="2024-07-05T01:33:21.353055" elapsed="0.117670"/>
</kw>
<kw name="Press" owner="pyautogui">
<arg>enter</arg>
<doc>Performs a keyboard key press down, followed by a release.</doc>
<status status="PASS" start="2024-07-05T01:33:21.471292" elapsed="0.101722"/>
</kw>
<kw name="Sleep" owner="BuiltIn">
<msg time="2024-07-05T01:33:22.574189" level="INFO">Slept 1 second.</msg>
<arg>1</arg>
<doc>Pauses the test executed for the given time.</doc>
[...]
<status status="PASS" start="2024-07-05T01:37:04.335608" elapsed="0.013306"/>
</kw>
<kw name="Click Element" owner="SeleniumLibrary">
<msg time="2024-07-05T01:37:04.349655" level="INFO">Clicking element 'id=myDropzone'.</msg>
<arg>id=myDropzone</arg>
<doc>Click the element identified by ``locator``.</doc>
<status status="PASS" start="2024-07-05T01:37:04.349373" elapsed="0.024138"/>
</kw>
<kw name="Sleep" owner="BuiltIn">
<msg time="2024-07-05T01:37:05.374215" level="INFO">Slept 1 second.</msg>
<arg>1</arg>
<doc>Pauses the test executed for the given time.</doc>
<status status="PASS" start="2024-07-05T01:37:04.373785" elapsed="1.000707"/>
</kw>
<kw name="Typewrite" owner="pyautogui">
<arg>${file_path}</arg>
<doc>Performs a keyboard key press down, followed by a release, for each of
the characters in message.</doc>
<status status="PASS" start="2024-07-05T01:37:05.374983" elapsed="0.118824"/>
</kw>
<kw name="Press" owner="pyautogui">
<arg>enter</arg>
<doc>Performs a keyboard key press down, followed by a release.</doc>
<status status="PASS" start="2024-07-05T01:37:05.494409" elapsed="0.102007"/>
</kw>
<kw name="Sleep" owner="BuiltIn">
<msg time="2024-07-05T01:37:06.597698" level="INFO">Slept 1 second.</msg>
<arg>1</arg>
<doc>Pauses the test executed for the given time.</doc>
<status status="PASS" start="2024-07-05T01:37:05.596970" elapsed="1.001028"/>
</kw>
<kw name="Click Link" owner="SeleniumLibrary">
<msg time="2024-07-05T01:37:06.599265" level="INFO">Clicking link 'Done'.</msg>
<arg>Done</arg>
<doc>Clicks a link identified by ``locator``.</doc>
<status status="PASS" start="2024-07-05T01:37:06.598724" elapsed="0.141077"/>
</kw>
<kw name="Sleep" owner="BuiltIn">
<msg time="2024-07-05T01:37:07.740726" level="INFO">Slept 1 second.</msg>
<arg>1</arg>
<doc>Pauses the test executed for the given time.</doc>
<status status="PASS" start="2024-07-05T01:37:06.740149" elapsed="1.000877"/>
</kw>
<var name="${file_path}">/home/waqar/FAST/papers/Image_94.jpg</var>
<status status="PASS" start="2024-07-05T01:37:04.249946" elapsed="3.491272"/>
</iter>
<iter>
<kw name="Go To" owner="SeleniumLibrary">
<msg time="2024-07-05T01:37:07.742559" level="INFO">Opening url 'http://127.0.0.1:5000/upload'</msg>
<arg>${UPLOAD_URL}</arg>
<doc>Navigates the current browser window to the provided ``url``.</doc>
<status status="PASS" start="2024-07-05T01:37:07.742105" elapsed="0.089252"/>
</kw>
<kw name="Wait Until Element Is Visible" owner="SeleniumLibrary">
<arg>id=myDropzone</arg>
<arg>timeout=10s</arg>
<doc>Waits until the element ``locator`` is visible.</doc>
<status status="PASS" start="2024-07-05T01:37:07.831862" elapsed="0.021870"/>
</kw>
<kw name="Click Element" owner="SeleniumLibrary">
<msg time="2024-07-05T01:37:07.854303" level="INFO">Clicking element 'id=myDropzone'.</msg>
<arg>id=myDropzone</arg>
<doc>Click the element identified by ``locator``.</doc>
<status status="PASS" start="2024-07-05T01:37:07.854010" elapsed="0.029063"/>
</kw>
<kw name="Sleep" owner="BuiltIn">
<msg time="2024-07-05T01:37:08.883787" level="INFO">Slept 1 second.</msg>
<arg>1</arg>
<doc>Pauses the test executed for the given time.</doc>
<status status="PASS" start="2024-07-05T01:37:07.883366" elapsed="1.000703"/>
</kw>
<kw name="Typewrite" owner="pyautogui">
<arg>${file_path}</arg>
<doc>Performs a keyboard key press down, followed by a release, for each of
the characters in message.</doc>
<status status="PASS" start="2024-07-05T01:37:08.884561" elapsed="0.118600"/>
</kw>
<kw name="Press" owner="pyautogui">
<arg>enter</arg>
<doc>Performs a keyboard key press down, followed by a release.</doc>
<status status="PASS" start="2024-07-05T01:37:09.003682" elapsed="0.102131"/>
</kw>
<kw name="Sleep" owner="BuiltIn">
<msg time="2024-07-05T01:37:10.107171" level="INFO">Slept 1 second.</msg>
<arg>1</arg>
<doc>Pauses the test executed for the given time.</doc>
<status status="PASS" start="2024-07-05T01:37:09.106422" elapsed="1.001030"/>
</kw>
<kw name="Click Link" owner="SeleniumLibrary">
<msg time="2024-07-05T01:37:10.108766" level="INFO">Clicking link 'Done'.</msg>
<arg>Done</arg>
<doc>Clicks a link identified by ``locator``.</doc>
<status status="PASS" start="2024-07-05T01:37:10.107951" elapsed="0.144006"/>
</kw>
<kw name="Sleep" owner="BuiltIn">
<msg time="2024-07-05T01:37:11.253083" level="INFO">Slept 1 second.</msg>
<arg>1</arg>
<doc>Pauses the test executed for the given time.</doc>
<status status="PASS" start="2024-07-05T01:37:10.252385" elapsed="1.001003"/>
</kw>
<var name="${file_path}">/home/waqar/FAST/papers/Image_95.jpg</var>
<status status="PASS" start="2024-07-05T01:37:07.741691" elapsed="3.511903"/>
</iter>
<iter>
<kw name="Go To" owner="SeleniumLibrary">
<msg time="2024-07-05T01:37:11.254997" level="INFO">Opening url 'http://127.0.0.1:5000/upload'</msg>
<arg>${UPLOAD_URL}</arg>
<doc>Navigates the current browser window to the provided ``url``.</doc>
<status status="PASS" start="2024-07-05T01:37:11.254524" elapsed="0.086244"/>
</kw>
<kw name="Wait Until Element Is Visible" owner="SeleniumLibrary">
<arg>id=myDropzone</arg>
<arg>timeout=10s</arg>
<doc>Waits until the element ``locator`` is visible.</doc>
<status status="PASS" start="2024-07-05T01:37:11.341964" elapsed="0.012254"/>
</kw>
<kw name="Click Element" owner="SeleniumLibrary">
<msg time="2024-07-05T01:37:11.354735" level="INFO">Clicking element 'id=myDropzone'.</msg>
<arg>id=myDropzone</arg>
<doc>Click the element identified by ``locator``.</doc>
<status status="PASS" start="2024-07-05T01:37:11.354479" elapsed="0.030459"/>
</kw>
<kw name="Sleep" owner="BuiltIn">
<msg time="2024-07-05T01:37:12.385642" level="INFO">Slept 1 second.</msg>
<arg>1</arg>
<doc>Pauses the test executed for the given time.</doc>
<status status="PASS" start="2024-07-05T01:37:11.385231" elapsed="1.000688"/>
</kw>
<kw name="Typewrite" owner="pyautogui">
<arg>${file_path}</arg>
<doc>Performs a keyboard key press down, followed by a release, for each of
the characters in message.</doc>
<status status="PASS" start="2024-07-05T01:37:12.386445" elapsed="0.118813"/>
</kw>
<kw name="Press" owner="pyautogui">
<arg>enter</arg>
<doc>Performs a keyboard key press down, followed by a release.</doc>
<status status="PASS" start="2024-07-05T01:37:12.505817" elapsed="0.101923"/>
</kw>
<kw name="Sleep" owner="BuiltIn">
<msg time="2024-07-05T01:37:13.609113" level="INFO">Slept 1 second.</msg>
<arg>1</arg>
<doc>Pauses the test executed for the given time.</doc>
<status status="PASS" start="2024-07-05T01:37:12.608324" elapsed="1.001097"/>
</kw>
<kw name="Click Link" owner="SeleniumLibrary">
<msg time="2024-07-05T01:37:13.610526" level="INFO">Clicking link 'Done'.</msg>
<arg>Done</arg>
<doc>Clicks a link identified by ``locator``.</doc>
<status status="PASS" start="2024-07-05T01:37:13.609962" elapsed="0.134451"/>
</kw>
<kw name="Sleep" owner="BuiltIn">
<msg time="2024-07-05T01:37:14.745401" level="INFO">Slept 1 second.</msg>
<arg>1</arg>
<doc>Pauses the test executed for the given time.</doc>
<status status="PASS" start="2024-07-05T01:37:13.744884" elapsed="1.000796"/>
</kw>
<var name="${file_path}">/home/waqar/FAST/papers/Image_96.jpg</var>
<status status="PASS" start="2024-07-05T01:37:11.254156" elapsed="3.491712"/>
</iter>
<iter>
<kw name="Go To" owner="SeleniumLibrary">
<msg time="2024-07-05T01:37:14.747174" level="INFO">Opening url 'http://127.0.0.1:5000/upload'</msg>
<arg>${UPLOAD_URL}</arg>
<doc>Navigates the current browser window to the provided ``url``.</doc>
<status status="PASS" start="2024-07-05T01:37:14.746717" elapsed="0.093776"/>
</kw>
<kw name="Wait Until Element Is Visible" owner="SeleniumLibrary">
<arg>id=myDropzone</arg>
<arg>timeout=10s</arg>
<doc>Waits until the element ``locator`` is visible.</doc>
<status status="PASS" start="2024-07-05T01:37:14.841486" elapsed="0.015817"/>
</kw>
<kw name="Click Element" owner="SeleniumLibrary">
<msg time="2024-07-05T01:37:14.858242" level="INFO">Clicking element 'id=myDropzone'.</msg>
<arg>id=myDropzone</arg>
<doc>Click the element identified by ``locator``.</doc>
<status status="PASS" start="2024-07-05T01:37:14.857790" elapsed="0.024992"/>
</kw>
<kw name="Sleep" owner="BuiltIn">
<msg time="2024-07-05T01:37:15.883595" level="INFO">Slept 1 second.</msg>
<arg>1</arg>
<doc>Pauses the test executed for the given time.</doc>
<status status="PASS" start="2024-07-05T01:37:14.883039" elapsed="1.000856"/>
</kw>
<kw name="Typewrite" owner="pyautogui">
<arg>${file_path}</arg>
<doc>Performs a keyboard key press down, followed by a release, for each of
the characters in message.</doc>
<status status="PASS" start="2024-07-05T01:37:15.884430" elapsed="0.118523"/>
</kw>
<kw name="Press" owner="pyautogui">
<arg>enter</arg>
<doc>Performs a keyboard key press down, followed by a release.</doc>
<status status="PASS" start="2024-07-05T01:37:16.003485" elapsed="0.102443"/>
</kw>
<kw name="Sleep" owner="BuiltIn">
<msg time="2024-07-05T01:37:17.107224" level="INFO">Slept 1 second.</msg>
<arg>1</arg>
<doc>Pauses the test executed for the given time.</doc>
<status status="PASS" start="2024-07-05T01:37:16.106528" elapsed="1.001002"/>
</kw>
<kw name="Click Link" owner="SeleniumLibrary">
<msg time="2024-07-05T01:37:17.108520" level="INFO">Clicking link 'Done'.</msg>
<arg>Done</arg>
<doc>Clicks a link identified by ``locator``.</doc>
<status status="PASS" start="2024-07-05T01:37:17.108030" elapsed="0.144377"/>
</kw>
<kw name="Sleep" owner="BuiltIn">
<msg time="2024-07-05T01:37:18.253356" level="INFO">Slept 1 second.</msg>
<arg>1</arg>
<doc>Pauses the test executed for the given time.</doc>
<status status="PASS" start="2024-07-05T01:37:17.252797" elapsed="1.001008"/>
</kw>
<var name="${file_path}">/home/waqar/FAST/papers/Image_97.jpg</var>
<status status="PASS" start="2024-07-05T01:37:14.746354" elapsed="3.507693"/>
</iter>
<iter>
<kw name="Go To" owner="SeleniumLibrary">
<msg time="2024-07-05T01:37:18.255434" level="INFO">Opening url 'http://127.0.0.1:5000/upload'</msg>
<arg>${UPLOAD_URL}</arg>
<doc>Navigates the current browser window to the provided ``url``.</doc>
<status status="PASS" start="2024-07-05T01:37:18.254952" elapsed="0.079678"/>
</kw>
<kw name="Wait Until Element Is Visible" owner="SeleniumLibrary">
<arg>id=myDropzone</arg>
<arg>timeout=10s</arg>
<doc>Waits until the element ``locator`` is visible.</doc>
<status status="PASS" start="2024-07-05T01:37:18.335088" elapsed="0.013608"/>
</kw>
<kw name="Click Element" owner="SeleniumLibrary">
<msg time="2024-07-05T01:37:18.349222" level="INFO">Clicking element 'id=myDropzone'.</msg>
<arg>id=myDropzone</arg>
<doc>Click the element identified by ``locator``.</doc>
<status status="PASS" start="2024-07-05T01:37:18.348969" elapsed="0.028831"/>
</kw>
<kw name="Sleep" owner="BuiltIn">
<msg time="2024-07-05T01:37:19.378521" level="INFO">Slept 1 second.</msg>
<arg>1</arg>
<doc>Pauses the test executed for the given time.</doc>
<status status="PASS" start="2024-07-05T01:37:18.378121" elapsed="1.000660"/>
</kw>
<kw name="Typewrite" owner="pyautogui">
<arg>${file_path}</arg>
<doc>Performs a keyboard key press down, followed by a release, for each of
the characters in message.</doc>
<status status="PASS" start="2024-07-05T01:37:19.379219" elapsed="0.113922"/>
</kw>
<kw name="Press" owner="pyautogui">
<arg>enter</arg>
<doc>Performs a keyboard key press down, followed by a release.</doc>
<status status="PASS" start="2024-07-05T01:37:19.493683" elapsed="0.102510"/>
</kw>
<kw name="Sleep" owner="BuiltIn">
<msg time="2024-07-05T01:37:20.597378" level="INFO">Slept 1 second.</msg>
<arg>1</arg>
<doc>Pauses the test executed for the given time.</doc>
<status status="PASS" start="2024-07-05T01:37:19.596750" elapsed="1.000929"/>
</kw>
<kw name="Click Link" owner="SeleniumLibrary">
<msg time="2024-07-05T01:37:20.598783" level="INFO">Clicking link 'Done'.</msg>
<arg>Done</arg>
<doc>Clicks a link identified by ``locator``.</doc>
<status status="PASS" start="2024-07-05T01:37:20.598260" elapsed="0.151004"/>
</kw>
<kw name="Sleep" owner="BuiltIn">
<msg time="2024-07-05T01:37:21.750290" level="INFO">Slept 1 second.</msg>
<arg>1</arg>
<doc>Pauses the test executed for the given time.</doc>
<status status="PASS" start="2024-07-05T01:37:20.749762" elapsed="1.000878"/>
</kw>
<var name="${file_path}">/home/waqar/FAST/papers/Image_98.jpg</var>
<status status="PASS" start="2024-07-05T01:37:18.254577" elapsed="3.496262"/>
</iter>
<iter>
<kw name="Go To" owner="SeleniumLibrary">
<msg time="2024-07-05T01:37:21.752089" level="INFO">Opening url 'http://127.0.0.1:5000/upload'</msg>
<arg>${UPLOAD_URL}</arg>
<doc>Navigates the current browser window to the provided ``url``.</doc>
<status status="PASS" start="2024-07-05T01:37:21.751649" elapsed="0.105892"/>
</kw>
<kw name="Wait Until Element Is Visible" owner="SeleniumLibrary">
<arg>id=myDropzone</arg>
<arg>timeout=10s</arg>
<doc>Waits until the element ``locator`` is visible.</doc>
<status status="PASS" start="2024-07-05T01:37:21.858115" elapsed="0.023100"/>
</kw>
<kw name="Click Element" owner="SeleniumLibrary">
<msg time="2024-07-05T01:37:21.881743" level="INFO">Clicking element 'id=myDropzone'.</msg>
<arg>id=myDropzone</arg>
<doc>Click the element identified by ``locator``.</doc>
<status status="PASS" start="2024-07-05T01:37:21.881488" elapsed="0.030134"/>
</kw>
<kw name="Sleep" owner="BuiltIn">
<msg time="2024-07-05T01:37:22.912317" level="INFO">Slept 1 second.</msg>
<arg>1</arg>
<doc>Pauses the test executed for the given time.</doc>
<status status="PASS" start="2024-07-05T01:37:21.911924" elapsed="1.000589"/>
</kw>
<kw name="Typewrite" owner="pyautogui">
<arg>${file_path}</arg>
<doc>Performs a keyboard key press down, followed by a release, for each of
the characters in message.</doc>
<status status="PASS" start="2024-07-05T01:37:22.912861" elapsed="0.114596"/>
</kw>
<kw name="Press" owner="pyautogui">
<arg>enter</arg>
<doc>Performs a keyboard key press down, followed by a release.</doc>
<status status="PASS" start="2024-07-05T01:37:23.027981" elapsed="0.102286"/>
</kw>
<kw name="Sleep" owner="BuiltIn">
<msg time="2024-07-05T01:37:24.131593" level="INFO">Slept 1 second.</msg>
<arg>1</arg>
<doc>Pauses the test executed for the given time.</doc>
<status status="PASS" start="2024-07-05T01:37:23.130836" elapsed="1.001041"/>
</kw>
<kw name="Click Link" owner="SeleniumLibrary">
<msg time="2024-07-05T01:37:24.132854" level="INFO">Clicking link 'Done'.</msg>
<arg>Done</arg>
<doc>Clicks a link identified by ``locator``.</doc>
<status status="PASS" start="2024-07-05T01:37:24.132373" elapsed="0.145120"/>
</kw>
<kw name="Sleep" owner="BuiltIn">
<msg time="2024-07-05T01:37:25.278240" level="INFO">Slept 1 second.</msg>
<arg>1</arg>
<doc>Pauses the test executed for the given time.</doc>
<status status="PASS" start="2024-07-05T01:37:24.277777" elapsed="1.000744"/>
</kw>
<var name="${file_path}">/home/waqar/FAST/papers/Image_99.jpg</var>
<status status="PASS" start="2024-07-05T01:37:21.751313" elapsed="3.527399"/>
</iter>
<iter>
<kw name="Go To" owner="SeleniumLibrary">
<msg time="2024-07-05T01:37:25.280415" level="INFO">Opening url 'http://127.0.0.1:5000/upload'</msg>
<arg>${UPLOAD_URL}</arg>
<doc>Navigates the current browser window to the provided ``url``.</doc>
<status status="PASS" start="2024-07-05T01:37:25.279568" elapsed="0.084939"/>
</kw>
<kw name="Wait Until Element Is Visible" owner="SeleniumLibrary">
<arg>id=myDropzone</arg>
<arg>timeout=10s</arg>
<doc>Waits until the element ``locator`` is visible.</doc>
<status status="PASS" start="2024-07-05T01:37:25.365174" elapsed="0.022624"/>
</kw>
<kw name="Click Element" owner="SeleniumLibrary">
<msg time="2024-07-05T01:37:25.388313" level="INFO">Clicking element 'id=myDropzone'.</msg>
<arg>id=myDropzone</arg>
<doc>Click the element identified by ``locator``.</doc>
<status status="PASS" start="2024-07-05T01:37:25.388056" elapsed="0.031023"/>
</kw>
<kw name="Sleep" owner="BuiltIn">
<msg time="2024-07-05T01:37:26.419649" level="INFO">Slept 1 second.</msg>
<arg>1</arg>
<doc>Pauses the test executed for the given time.</doc>
<status status="PASS" start="2024-07-05T01:37:25.419343" elapsed="1.000588"/>
</kw>
<kw name="Typewrite" owner="pyautogui">
<arg>${file_path}</arg>
<doc>Performs a keyboard key press down, followed by a release, for each of
the characters in message.</doc>
<status status="PASS" start="2024-07-05T01:37:26.420424" elapsed="0.118123"/>
</kw>
<kw name="Press" owner="pyautogui">
<arg>enter</arg>
<doc>Performs a keyboard key press down, followed by a release.</doc>
<status status="PASS" start="2024-07-05T01:37:26.539070" elapsed="0.102283"/>
</kw>
<kw name="Sleep" owner="BuiltIn">
<msg time="2024-07-05T01:37:27.642654" level="INFO">Slept 1 second.</msg>
<arg>1</arg>
<doc>Pauses the test executed for the given time.</doc>
<status status="PASS" start="2024-07-05T01:37:26.641918" elapsed="1.001022"/>
</kw>
<kw name="Click Link" owner="SeleniumLibrary">
<msg time="2024-07-05T01:37:27.643930" level="INFO">Clicking link 'Done'.</msg>
<arg>Done</arg>
<doc>Clicks a link identified by ``locator``.</doc>
<status status="PASS" start="2024-07-05T01:37:27.643444" elapsed="0.142315"/>
</kw>
<kw name="Sleep" owner="BuiltIn">
<msg time="2024-07-05T01:37:28.786870" level="INFO">Slept 1 second.</msg>
<arg>1</arg>
<doc>Pauses the test executed for the given time.</doc>
<status status="PASS" start="2024-07-05T01:37:27.786221" elapsed="1.000929"/>
</kw>
<var name="${file_path}">/home/waqar/FAST/papers/Image_100.jpg</var>
<status status="PASS" start="2024-07-05T01:37:25.279199" elapsed="3.508143"/>
</iter>
<var>${file_path}</var>
<value>@{file_paths}</value>
<status status="PASS" start="2024-07-05T01:31:38.731795" elapsed="350.055685"/>
</for>
<kw name="Log Execution Time" owner="keywords">
<kw name="Get Time In Milliseconds" owner="keywords">
<kw name="Evaluate" owner="BuiltIn">
<msg time="2024-07-05T01:37:28.790874" level="INFO">${time_in_ms} = 1720125448790.7166</msg>
<var>${time_in_ms}</var>
<arg>time.time() * 1000</arg>
<arg>modules=time</arg>
<doc>Evaluates the given expression in Python and returns the result.</doc>
<status status="PASS" start="2024-07-05T01:37:28.790220" elapsed="0.000732"/>
</kw>
<return>
<value>${time_in_ms}</value>
<status status="PASS" start="2024-07-05T01:37:28.791140" elapsed="0.000164"/>
</return>
<msg time="2024-07-05T01:37:28.791653" level="INFO">${end_time} = 1720125448790.7166</msg>
<var>${end_time}</var>
<status status="PASS" start="2024-07-05T01:37:28.789548" elapsed="0.002170"/>
</kw>
<kw name="Evaluate" owner="BuiltIn">
<msg time="2024-07-05T01:37:28.792650" level="INFO">${execution_time} = 351.6330146484375</msg>
<var>${execution_time}</var>
<arg>(${end_time} - ${start_time}) / 1000</arg>
<doc>Evaluates the given expression in Python and returns the result.</doc>
<status status="PASS" start="2024-07-05T01:37:28.792032" elapsed="0.000691"/>
</kw>
<kw name="Log" owner="BuiltIn">
<msg time="2024-07-05T01:37:28.793401" level="INFO">Execution Time: 351.6330146484375 seconds</msg>
<arg>Execution Time: ${execution_time} seconds</arg>
<doc>Logs the given message with the given level.</doc>
<status status="PASS" start="2024-07-05T01:37:28.793054" elapsed="0.000456"/>
</kw>
<arg>${start_time}</arg>
<status status="PASS" start="2024-07-05T01:37:28.788420" elapsed="0.005255"/>
</kw>
<kw name="Close Browser" owner="SeleniumLibrary">
<doc>Closes the current browser.</doc>
<status status="PASS" start="2024-07-05T01:37:28.794061" elapsed="0.109418"/>
</kw>
<status status="PASS" start="2024-07-05T01:31:37.155696" elapsed="351.748176"/>
</test>
<status status="PASS" start="2024-07-05T01:31:36.939635" elapsed="351.964918"/>
</suite>
<statistics>
<total>
<stat pass="1" fail="0" skip="0">All Tests</stat>
</total>
<tag>
</tag>
<suite>
<stat pass="1" fail="0" skip="0" id="s1" name="RBF multiple">RBF multiple</stat>
</suite>
</statistics>
<errors>
<msg time="2024-07-05T01:31:37.149814" level="WARN">Imported library '/home/waqar/FAST/RBF_Multi/pyautogui_library.py' contains no keywords.</msg>
</errors>
</robot>
